[I]cs(2760) 1471542856  : Logfile 'cs.log' Created - Thu Aug 18 17:54:16 2016
[I]cs(2760) 1471542856  : ******* Starting (pid = 2760)
[I]cs(2760) 1471542856  : Connected to localhost
[I]cs(2760) 1471542856  : Pm Connected, socket #: 3
[I]cs(2760) 1471542856  : Pm connection message Sent
[I]cs(2760) 1471542856  : Ack Received from Pm
[I]cs(2760) 1471542856  : Connected to localhost
[I]cs(2760) 1471542856  : Connected to LS: 'localhost' [5]
[I]cs(2760) 1471542858  :   Pkt #: 66
[I]cs(2760) 1471542858  :  Send Pkt to Pm at 1471542858.040500
[I]cs(2760) 1471542858  : Pkt sent to Pm, 116 bytes, payload: 100 bytes
[I]cs(2760) 1471542858  : Dump msg Pkt - 116 bytes
[I]cs(2760) 1471542858  :   --> 21 42 53 32 50 43 21 00 
[I]cs(2760) 1471542858  :   --> 6b 44 03 00 62 42 00 00 
[I]cs(2760) 1471542858  :   --> 67 02 00 3c 00 05 30 44 
[I]cs(2760) 1471542858  :   --> e0 b8 d9 00 ab c1 01 f9 
[I]cs(2760) 1471542858  :   --> 3e 02 09 6a 02 50 23 04 
[I]cs(2760) 1471542858  :   --> 41 07 04 53 c2 05 21 9e 
[I]cs(2760) 1471542858  :   --> 05 b3 8a 05 e8 d7 06 67 
[I]cs(2760) 1471542858  :   --> 80 06 7e 4f 09 75 72 09 
[I]cs(2760) 1471542858  :   --> f8 d0 0c 1d 3a 0c 98 44 
[I]cs(2760) 1471542858  :   --> 0e 4c be 70 00 00 00 21 
[I]cs(2760) 1471542858  :   --> 00 00 34 00 06 00 11 14 
[I]cs(2760) 1471542858  :   --> 02 22 01 00 00 00 01 00 
[I]cs(2760) 1471542858  :   --> 42 65 ff 00 05 1e 3b 00 
[I]cs(2760) 1471542858  :   --> 02 20 24 44 e0 b8 da 00 
[I]cs(2760) 1471542858  :   --> 00 00 00 ff 
[I]cs(2760) 1471542859  :   Pkt #: 67
[I]cs(2760) 1471542859  :  Send Pkt to Pm at 1471542859.025674
[I]cs(2760) 1471542859  : Pkt sent to Pm, 101 bytes, payload: 85 bytes
[I]cs(2760) 1471542859  : Dump msg Pkt - 101 bytes
[I]cs(2760) 1471542859  :   --> 21 42 53 32 50 43 21 00 
[I]cs(2760) 1471542859  :   --> 5c 44 03 00 53 43 00 00 
[I]cs(2760) 1471542859  :   --> 67 01 00 4e 00 05 38 44 
[I]cs(2760) 1471542859  :   --> e0 b8 da 01 1e 88 01 7c 
[I]cs(2760) 1471542859  :   --> 0b 01 a5 a6 01 c0 05 02 
[I]cs(2760) 1471542859  :   --> 37 fa 03 bd cd 03 d4 90 
[I]cs(2760) 1471542859  :   --> 03 fe 56 05 0e df 05 47 
[I]cs(2760) 1471542859  :   --> 2a 06 94 72 06 cc 45 07 
[I]cs(2760) 1471542859  :   --> 17 ed 07 19 dc 08 2c fd 
[I]cs(2760) 1471542859  :   --> 08 3a 2a 08 ca b3 09 41 
[I]cs(2760) 1471542859  :   --> fd 0b eb ec 0d dd 0f 0e 
[I]cs(2760) 1471542859  :   --> 20 ff 0e e3 5c 70 00 00 
[I]cs(2760) 1471542859  :   --> 00 00 00 00 ff 
[I]cs(2760) 1471542860  :   Pkt #: 68
[I]cs(2760) 1471542860  :  Send Pkt to Pm at 1471542860.019518
[I]cs(2760) 1471542860  : Pkt sent to Pm, 83 bytes, payload: 67 bytes
[I]cs(2760) 1471542860  : Dump msg Pkt - 83 bytes
[I]cs(2760) 1471542860  :   --> 21 42 53 32 50 43 21 00 
[I]cs(2760) 1471542860  :   --> 4a 44 03 00 41 44 00 00 
[I]cs(2760) 1471542860  :   --> 67 01 00 3c 00 05 3c 44 
[I]cs(2760) 1471542860  :   --> e0 b8 db 01 1e b6 01 33 
[I]cs(2760) 1471542860  :   --> 3f 03 cb 6d 04 54 28 05 
[I]cs(2760) 1471542860  :   --> 19 f0 07 b7 d7 0a 5a 2b 
[I]cs(2760) 1471542860  :   --> 0a e0 13 0c 30 1a 0c 4a 
[I]cs(2760) 1471542860  :   --> d6 0c f5 4b 0d 08 42 0d 
[I]cs(2760) 1471542860  :   --> 2c 35 0d 35 25 0d a7 2b 
[I]cs(2760) 1471542860  :   --> 0e 99 af 70 00 00 00 00 
[I]cs(2760) 1471542860  :   --> 00 00 ff 
[I]cs(2760) 1471542861  :   Pkt #: 69
[I]cs(2760) 1471542861  :  Send Pkt to Pm at 1471542861.035814
[I]cs(2760) 1471542861  : Pkt sent to Pm, 104 bytes, payload: 88 bytes
[I]cs(2760) 1471542861  : Dump msg Pkt - 104 bytes
[I]cs(2760) 1471542861  :   --> 21 42 53 32 50 43 21 00 
[I]cs(2760) 1471542861  :   --> 5f 44 03 00 56 45 00 00 
[I]cs(2760) 1471542861  :   --> 67 01 00 51 00 05 40 44 
[I]cs(2760) 1471542861  :   --> e0 b8 dc 00 5e 33 00 a3 
[I]cs(2760) 1471542861  :   --> 5d 00 a7 4d 01 97 05 02 
[I]cs(2760) 1471542861  :   --> 73 1a 04 74 99 04 ff 3f 
[I]cs(2760) 1471542861  :   --> 05 9b e9 05 d5 9a 06 12 
[I]cs(2760) 1471542861  :   --> f6 07 36 95 07 9e 02 08 
[I]cs(2760) 1471542861  :   --> cc 99 09 0f 78 0a 35 a3 
[I]cs(2760) 1471542861  :   --> 0a 5c 99 0b 5a e3 0c 2e 
[I]cs(2760) 1471542861  :   --> 6d 0c b2 5d 0d 32 db 0d 
[I]cs(2760) 1471542861  :   --> d1 21 0e 61 d4 0e cf ea 
[I]cs(2760) 1471542861  :   --> 70 00 00 00 00 00 00 ff 
[I]cs(2760) 1471542862  :   Pkt #: 70
[I]cs(2760) 1471542862  :  Send Pkt to Pm at 1471542862.035421
[I]cs(2760) 1471542862  : Pkt sent to Pm, 89 bytes, payload: 73 bytes
[I]cs(2760) 1471542862  : Dump msg Pkt - 89 bytes
[I]cs(2760) 1471542862  :   --> 21 42 53 32 50 43 21 00 
[I]cs(2760) 1471542862  :   --> 50 44 03 00 47 46 00 00 
[I]cs(2760) 1471542862  :   --> 67 01 00 42 00 05 44 44 
[I]cs(2760) 1471542862  :   --> e0 b8 dd 00 13 ab 01 56 
[I]cs(2760) 1471542862  :   --> c7 01 af b3 02 cb 43 04 
[I]cs(2760) 1471542862  :   --> 7e cb 04 82 54 09 f3 46 
[I]cs(2760) 1471542862  :   --> 0a 5d 97 0a 6e 9f 0b ae 
[I]cs(2760) 1471542862  :   --> 72 0d 10 94 0d 27 b3 0d 
[I]cs(2760) 1471542862  :   --> 3b ba 0d 71 69 0d 80 ac 
[I]cs(2760) 1471542862  :   --> 0d dc 76 0d f6 a8 0e 29 
[I]cs(2760) 1471542862  :   --> 25 70 00 00 00 00 00 00 
[I]cs(2760) 1471542862  :   --> ff 
[I]cs(2760) 1471542863  :   Pkt #: 71
[I]cs(2760) 1471542863  :  Send Pkt to Pm at 1471542863.027033
[I]cs(2760) 1471542863  : Pkt sent to Pm, 107 bytes, payload: 91 bytes
[I]cs(2760) 1471542863  : Dump msg Pkt - 107 bytes
[I]cs(2760) 1471542863  :   --> 21 42 53 32 50 43 21 00 
[I]cs(2760) 1471542863  :   --> 62 44 03 00 59 47 00 00 
[I]cs(2760) 1471542863  :   --> 67 01 00 54 00 05 48 44 
[I]cs(2760) 1471542863  :   --> e0 b8 de 00 00 fb 00 89 
[I]cs(2760) 1471542863  :   --> 53 00 cd b3 00 e9 73 01 
[I]cs(2760) 1471542863  :   --> 50 dc 02 23 c6 02 76 f7 
[I]cs(2760) 1471542863  :   --> 03 1a da 03 c5 58 05 b6 
[I]cs(2760) 1471542863  :   --> b0 05 f6 98 06 c6 88 06 
[I]cs(2760) 1471542863  :   --> dc e4 06 fc 6d 07 12 ad 
[I]cs(2760) 1471542863  :   --> 08 d5 ca 09 06 91 0b 57 
[I]cs(2760) 1471542863  :   --> 2c 0e 0e a1 0e 0f 49 0e 
[I]cs(2760) 1471542863  :   --> 26 2f 0e 4a a9 0e 5d e8 
[I]cs(2760) 1471542863  :   --> 0f 2e 6c 70 00 00 00 00 
[I]cs(2760) 1471542863  :   --> 00 00 ff 
[I]cs(2760) 1471542864  :   Pkt #: 72
[I]cs(2760) 1471542864  :  Send Pkt to Pm at 1471542864.024268
[I]cs(2760) 1471542864  : Pkt sent to Pm, 95 bytes, payload: 79 bytes
[I]cs(2760) 1471542864  : Dump msg Pkt - 95 bytes
[I]cs(2760) 1471542864  :   --> 21 42 53 32 50 43 21 00 
[I]cs(2760) 1471542864  :   --> 56 44 03 00 4d 48 00 00 
[I]cs(2760) 1471542864  :   --> 67 01 00 48 00 05 4c 44 
[I]cs(2760) 1471542864  :   --> e0 b8 df 00 01 1f 00 7b 
[I]cs(2760) 1471542864  :   --> 7b 01 9a 95 02 14 39 03 
[I]cs(2760) 1471542864  :   --> 4e e2 04 59 84 04 7a 8e 
[I]cs(2760) 1471542864  :   --> 04 cd ac 04 e6 e7 06 76 
[I]cs(2760) 1471542864  :   --> e3 06 84 78 08 a1 c0 08 
[I]cs(2760) 1471542864  :   --> e2 a6 08 ef cc 08 ff e4 
[I]cs(2760) 1471542864  :   --> 0c de 86 0d ff 43 0e bf 
[I]cs(2760) 1471542864  :   --> e8 0e ec 82 0f 02 35 70 
[I]cs(2760) 1471542864  :   --> 00 00 00 00 00 00 ff 
[I]cs(2760) 1471542865  :   Pkt #: 73
[I]cs(2760) 1471542865  :  Send Pkt to Pm at 1471542865.020065
[I]cs(2760) 1471542865  : Pkt sent to Pm, 92 bytes, payload: 76 bytes
[I]cs(2760) 1471542865  : Dump msg Pkt - 92 bytes
[I]cs(2760) 1471542865  :   --> 21 42 53 32 50 43 21 00 
[I]cs(2760) 1471542865  :   --> 53 44 03 00 4a 49 00 00 
[I]cs(2760) 1471542865  :   --> 67 01 00 45 00 05 50 44 
[I]cs(2760) 1471542865  :   --> e0 b8 e0 01 6c 38 01 b7 
[I]cs(2760) 1471542865  :   --> 06 01 f1 d7 03 b7 09 04 
[I]cs(2760) 1471542865  :   --> aa 0b 06 cd dc 07 2f 1c 
[I]cs(2760) 1471542865  :   --> 07 fb 05 08 37 bf 09 1b 
[I]cs(2760) 1471542865  :   --> e5 0a 58 aa 0a d5 1c 0c 
[I]cs(2760) 1471542865  :   --> 1a df 0c de f9 0d 62 9b 
[I]cs(2760) 1471542865  :   --> 0d f3 e4 0f 0a 0e 0f 0f 
[I]cs(2760) 1471542865  :   --> f3 0f 40 76 70 00 00 00 
[I]cs(2760) 1471542865  :   --> 00 00 00 ff 
[I]cs(2760) 1471542866  :   Pkt #: 74
[I]cs(2760) 1471542866  :  Send Pkt to Pm at 1471542866.038120
[I]cs(2760) 1471542866  : Pkt sent to Pm, 119 bytes, payload: 103 bytes
[I]cs(2760) 1471542866  : Dump msg Pkt - 119 bytes
[I]cs(2760) 1471542866  :   --> 21 42 53 32 50 43 21 00 
[I]cs(2760) 1471542866  :   --> 6e 44 03 00 65 4a 00 00 
[I]cs(2760) 1471542866  :   --> 67 01 00 60 00 05 54 44 
[I]cs(2760) 1471542866  :   --> e0 b8 e1 00 30 b8 00 4e 
[I]cs(2760) 1471542866  :   --> 2b 00 5e fb 00 5f c7 00 
[I]cs(2760) 1471542866  :   --> a1 e7 01 0a dc 01 45 68 
[I]cs(2760) 1471542866  :   --> 01 8c d4 01 a1 a4 01 bd 
[I]cs(2760) 1471542866  :   --> a8 01 e2 fe 03 1f 2c 03 
[I]cs(2760) 1471542866  :   --> d2 3d 03 fa 7c 05 5c 44 
[I]cs(2760) 1471542866  :   --> 07 2e e0 08 0a 0f 08 42 
[I]cs(2760) 1471542866  :   --> 5b 08 5c da 0a 93 48 0b 
[I]cs(2760) 1471542866  :   --> 09 e1 0b 14 1a 0b fa 10 
[I]cs(2760) 1471542866  :   --> 0b ff ef 0c 70 11 0c 8c 
[I]cs(2760) 1471542866  :   --> 8f 0d 33 10 0f 21 16 70 
[I]cs(2760) 1471542866  :   --> 00 00 00 00 00 00 ff 
[I]cs(2760) 1471542867  :   Pkt #: 75
[I]cs(2760) 1471542867  :  Send Pkt to Pm at 1471542867.022650
[I]cs(2760) 1471542867  : Pkt sent to Pm, 92 bytes, payload: 76 bytes
[I]cs(2760) 1471542867  : Dump msg Pkt - 92 bytes
[I]cs(2760) 1471542867  :   --> 21 42 53 32 50 43 21 00 
[I]cs(2760) 1471542867  :   --> 53 44 03 00 4a 4b 00 00 
[I]cs(2760) 1471542867  :   --> 67 01 00 45 00 05 58 44 
[I]cs(2760) 1471542867  :   --> e0 b8 e2 02 f0 fc 04 77 
[I]cs(2760) 1471542867  :   --> 78 06 17 c9 06 32 71 06 
[I]cs(2760) 1471542867  :   --> 76 07 07 18 b5 07 63 59 
[I]cs(2760) 1471542867  :   --> 07 aa f5 07 eb 7d 08 8b 
[I]cs(2760) 1471542867  :   --> 1a 0a ae 13 0b 37 7c 0b 
[I]cs(2760) 1471542867  :   --> 90 52 0b a1 db 0c b3 c8 
[I]cs(2760) 1471542867  :   --> 0d 11 aa 0d c6 56 0d ff 
[I]cs(2760) 1471542867  :   --> f2 0f 34 be 70 00 00 00 
[I]cs(2760) 1471542867  :   --> 00 00 00 ff 
[I]cs(2760) 1471542868  :   Pkt #: 76
[I]cs(2760) 1471542868  :  Send Pkt to Pm at 1471542868.016705
[I]cs(2760) 1471542868  : Pkt sent to Pm, 80 bytes, payload: 64 bytes
[I]cs(2760) 1471542868  : Dump msg Pkt - 80 bytes
[I]cs(2760) 1471542868  :   --> 21 42 53 32 50 43 21 00 
[I]cs(2760) 1471542868  :   --> 47 44 03 00 3e 4c 00 00 
[I]cs(2760) 1471542868  :   --> 67 01 00 39 00 05 5c 44 
[I]cs(2760) 1471542868  :   --> e0 b8 e3 02 c7 04 03 0f 
[I]cs(2760) 1471542868  :   --> fc 03 f3 c3 04 d6 a7 06 
[I]cs(2760) 1471542868  :   --> 0f 74 07 a7 94 08 15 5c 
[I]cs(2760) 1471542868  :   --> 08 c1 1a 09 2d 4b 09 58 
[I]cs(2760) 1471542868  :   --> 36 09 ed 74 09 fc 0c 0a 
[I]cs(2760) 1471542868  :   --> 46 ba 0c 79 4c 0e 47 29 
[I]cs(2760) 1471542868  :   --> 70 00 00 00 00 00 00 ff 
[I]cs(2760) 1471542869  :   Pkt #: 77
[I]cs(2760) 1471542869  :  Send Pkt to Pm at 1471542869.029599
[I]cs(2760) 1471542869  : Pkt sent to Pm, 110 bytes, payload: 94 bytes
[I]cs(2760) 1471542869  : Dump msg Pkt - 110 bytes
[I]cs(2760) 1471542869  :   --> 21 42 53 32 50 43 21 00 
[I]cs(2760) 1471542869  :   --> 65 44 03 00 5c 4d 00 00 
[I]cs(2760) 1471542869  :   --> 67 01 00 57 00 05 60 44 
[I]cs(2760) 1471542869  :   --> e0 b8 e4 00 98 8f 00 ad 
[I]cs(2760) 1471542869  :   --> de 00 c0 1f 01 1d da 02 
[I]cs(2760) 1471542869  :   --> 78 42 03 4c 53 03 56 18 
[I]cs(2760) 1471542869  :   --> 03 a3 db 04 40 c8 05 60 
[I]cs(2760) 1471542869  :   --> 7a 05 7a 5f 05 88 d9 07 
[I]cs(2760) 1471542869  :   --> 93 e3 07 a6 8f 09 14 01 
[I]cs(2760) 1471542869  :   --> 09 97 28 09 b7 1b 0b 22 
[I]cs(2760) 1471542869  :   --> 8f 0b 35 98 0b ee fd 0c 
[I]cs(2760) 1471542869  :   --> 1b 22 0d 96 16 0e 5a fb 
[I]cs(2760) 1471542869  :   --> 0e 76 2b 0e da 01 70 00 
[I]cs(2760) 1471542869  :   --> 00 00 00 00 00 ff 
[I]cs(2760) 1471542870  :   Pkt #: 78
[I]cs(2760) 1471542870  :  Send Pkt to Pm at 1471542870.026468
[I]cs(2760) 1471542870  : Pkt sent to Pm, 104 bytes, payload: 88 bytes
[I]cs(2760) 1471542870  : Dump msg Pkt - 104 bytes
[I]cs(2760) 1471542870  :   --> 21 42 53 32 50 43 21 00 
[I]cs(2760) 1471542870  :   --> 5f 44 03 00 56 4e 00 00 
[I]cs(2760) 1471542870  :   --> 67 01 00 51 00 05 64 44 
[I]cs(2760) 1471542870  :   --> e0 b8 e5 00 07 a9 00 82 
[I]cs(2760) 1471542870  :   --> d7 00 ec c3 01 1c a2 03 
[I]cs(2760) 1471542870  :   --> 4b 10 03 b9 7d 04 08 4d 
[I]cs(2760) 1471542870  :   --> 04 90 c9 05 41 97 05 ba 
[I]cs(2760) 1471542870  :   --> 01 06 45 db 07 49 55 07 
[I]cs(2760) 1471542870  :   --> af 59 08 60 a9 0a 4a 35 
[I]cs(2760) 1471542870  :   --> 0a ce 1c 0b 99 c2 0b e0 
[I]cs(2760) 1471542870  :   --> a3 0d 0f fc 0d 1e b2 0d 
[I]cs(2760) 1471542870  :   --> ac 36 0d e1 27 0f 13 cc 
[I]cs(2760) 1471542870  :   --> 70 00 00 00 00 00 00 ff 
[I]cs(2760) 1471542871  :   Pkt #: 79
[I]cs(2760) 1471542871  :  Send Pkt to Pm at 1471542871.022424
[I]cs(2760) 1471542871  : Pkt sent to Pm, 110 bytes, payload: 94 bytes
[I]cs(2760) 1471542871  : Dump msg Pkt - 110 bytes
[I]cs(2760) 1471542871  :   --> 21 42 53 32 50 43 21 00 
[I]cs(2760) 1471542871  :   --> 65 44 03 00 5c 4f 00 00 
[I]cs(2760) 1471542871  :   --> 67 01 00 57 00 05 68 44 
[I]cs(2760) 1471542871  :   --> e0 b8 e6 01 7e fe 02 17 
[I]cs(2760) 1471542871  :   --> fd 02 7b 10 02 88 2a 02 
[I]cs(2760) 1471542871  :   --> ea 87 04 0a 88 05 0d a6 
[I]cs(2760) 1471542871  :   --> 05 24 b8 05 47 c2 05 c1 
[I]cs(2760) 1471542871  :   --> 67 06 52 1f 07 4a 62 07 
[I]cs(2760) 1471542871  :   --> 5b 36 08 bd 06 09 50 c4 
[I]cs(2760) 1471542871  :   --> 09 98 80 0c f6 1c 0d 06 
[I]cs(2760) 1471542871  :   --> f6 0d 5a b5 0d 61 5c 0d 
[I]cs(2760) 1471542871  :   --> a0 af 0e 27 b4 0e 94 06 
[I]cs(2760) 1471542871  :   --> 0e 95 35 0e fd fc 70 00 
[I]cs(2760) 1471542871  :   --> 00 00 00 00 00 ff 
[I]cs(2760) 1471542872  :   Pkt #: 80
[I]cs(2760) 1471542872  :  Send Pkt to Pm at 1471542872.022592
[I]cs(2760) 1471542872  : Pkt sent to Pm, 95 bytes, payload: 79 bytes
[I]cs(2760) 1471542872  : Dump msg Pkt - 95 bytes
[I]cs(2760) 1471542872  :   --> 21 42 53 32 50 43 21 00 
[I]cs(2760) 1471542872  :   --> 56 44 03 00 4d 50 00 00 
[I]cs(2760) 1471542872  :   --> 67 01 00 48 00 05 6c 44 
[I]cs(2760) 1471542872  :   --> e0 b8 e7 01 55 ab 01 fb 
[I]cs(2760) 1471542872  :   --> 14 02 9d db 04 25 74 06 
[I]cs(2760) 1471542872  :   --> 41 08 08 0a c8 08 e8 a8 
[I]cs(2760) 1471542872  :   --> 0a 0e 54 0a 19 41 0a 6a 
[I]cs(2760) 1471542872  :   --> 08 0a 8a d9 0a 99 ba 0a 
[I]cs(2760) 1471542872  :   --> d6 fd 0b 27 48 0b 9f 40 
[I]cs(2760) 1471542872  :   --> 0b ee 92 0d 01 d9 0d 8a 
[I]cs(2760) 1471542872  :   --> 4a 0e d1 9b 0f 14 46 70 
[I]cs(2760) 1471542872  :   --> 00 00 00 00 00 00 ff 
[I]cs(2760) 1471542873  :   Pkt #: 81
[I]cs(2760) 1471542873  :  Send Pkt to Pm at 1471542873.016330
[I]cs(2760) 1471542873  : Pkt sent to Pm, 86 bytes, payload: 70 bytes
[I]cs(2760) 1471542873  : Dump msg Pkt - 86 bytes
[I]cs(2760) 1471542873  :   --> 21 42 53 32 50 43 21 00 
[I]cs(2760) 1471542873  :   --> 4d 44 03 00 44 51 00 00 
[I]cs(2760) 1471542873  :   --> 67 01 00 3f 00 05 70 44 
[I]cs(2760) 1471542873  :   --> e0 b8 e8 00 f4 31 01 46 
[I]cs(2760) 1471542873  :   --> b3 01 cd 01 01 f5 f7 02 
[I]cs(2760) 1471542873  :   --> 79 06 04 62 83 04 63 8c 
[I]cs(2760) 1471542873  :   --> 06 50 de 09 42 7c 09 70 
[I]cs(2760) 1471542873  :   --> 24 09 ef ca 0c 56 9a 0c 
[I]cs(2760) 1471542873  :   --> a3 69 0d 36 b6 0d 93 ba 
[I]cs(2760) 1471542873  :   --> 0d cf da 0e 38 cf 70 00 
[I]cs(2760) 1471542873  :   --> 00 00 00 00 00 ff 
[I]cs(2760) 1471542874  :   Pkt #: 82
[I]cs(2760) 1471542874  :  Send Pkt to Pm at 1471542874.027851
[I]cs(2760) 1471542874  : Pkt sent to Pm, 92 bytes, payload: 76 bytes
[I]cs(2760) 1471542874  : Dump msg Pkt - 92 bytes
[I]cs(2760) 1471542874  :   --> 21 42 53 32 50 43 21 00 
[I]cs(2760) 1471542874  :   --> 53 44 03 00 4a 52 00 00 
[I]cs(2760) 1471542874  :   --> 67 01 00 45 00 05 74 44 
[I]cs(2760) 1471542874  :   --> e0 b8 e9 00 61 9b 00 cd 
[I]cs(2760) 1471542874  :   --> 5f 01 bc b9 02 a6 db 03 
[I]cs(2760) 1471542874  :   --> e0 0f 05 59 b2 05 61 a5 
[I]cs(2760) 1471542874  :   --> 05 eb 82 07 99 fc 08 1a 
[I]cs(2760) 1471542874  :   --> 9e 08 b5 5f 09 07 ba 0b 
[I]cs(2760) 1471542874  :   --> 5c cd 0b 6b 69 0b 93 c9 
[I]cs(2760) 1471542874  :   --> 0d c9 cb 0e 3e df 0e d3 
[I]cs(2760) 1471542874  :   --> 80 0f 02 90 70 00 00 00 
[I]cs(2760) 1471542874  :   --> 00 00 00 ff 
[I]cs(2760) 1471542875  :   Pkt #: 83
[I]cs(2760) 1471542875  :  Send Pkt to Pm at 1471542875.022573
[I]cs(2760) 1471542875  : Pkt sent to Pm, 86 bytes, payload: 70 bytes
[I]cs(2760) 1471542875  : Dump msg Pkt - 86 bytes
[I]cs(2760) 1471542875  :   --> 21 42 53 32 50 43 21 00 
[I]cs(2760) 1471542875  :   --> 4d 44 03 00 44 53 00 00 
[I]cs(2760) 1471542875  :   --> 67 01 00 3f 00 05 78 44 
[I]cs(2760) 1471542875  :   --> e0 b8 ea 00 d5 1b 01 1a 
[I]cs(2760) 1471542875  :   --> eb 02 76 17 02 e4 c2 03 
[I]cs(2760) 1471542875  :   --> cd f6 04 29 af 04 36 cc 
[I]cs(2760) 1471542875  :   --> 06 81 3f 07 57 b0 07 d4 
[I]cs(2760) 1471542875  :   --> e8 08 60 2e 09 62 7e 09 
[I]cs(2760) 1471542875  :   --> 97 a3 09 c3 de 0b 0f b9 
[I]cs(2760) 1471542875  :   --> 0c 56 43 0d bf 1d 70 00 
[I]cs(2760) 1471542875  :   --> 00 00 00 00 00 ff 
[I]cs(2760) 1471542876  :   Pkt #: 84
[I]cs(2760) 1471542876  :  Send Pkt to Pm at 1471542876.019478
[I]cs(2760) 1471542876  : Pkt sent to Pm, 86 bytes, payload: 70 bytes
[I]cs(2760) 1471542876  : Dump msg Pkt - 86 bytes
[I]cs(2760) 1471542876  :   --> 21 42 53 32 50 43 21 00 
[I]cs(2760) 1471542876  :   --> 4d 44 03 00 44 54 00 00 
[I]cs(2760) 1471542876  :   --> 67 01 00 3f 00 05 7c 44 
[I]cs(2760) 1471542876  :   --> e0 b8 eb 01 37 6d 01 a7 
[I]cs(2760) 1471542876  :   --> 5c 02 00 77 02 89 75 02 
[I]cs(2760) 1471542876  :   --> 9d f0 03 04 85 05 09 07 
[I]cs(2760) 1471542876  :   --> 05 1a c3 06 c1 33 08 01 
[I]cs(2760) 1471542876  :   --> dd 0a 3a bc 0a 53 46 0b 
[I]cs(2760) 1471542876  :   --> 7b ce 0b db f1 0e 09 d1 
[I]cs(2760) 1471542876  :   --> 0e 8c 5b 0f 23 55 70 00 
[I]cs(2760) 1471542876  :   --> 00 00 00 00 00 ff 
[I]cs(2760) 1471542877  :   Pkt #: 85
[I]cs(2760) 1471542877  :  Send Pkt to Pm at 1471542877.019811
[I]cs(2760) 1471542877  : Pkt sent to Pm, 113 bytes, payload: 97 bytes
[I]cs(2760) 1471542877  : Dump msg Pkt - 113 bytes
[I]cs(2760) 1471542877  :   --> 21 42 53 32 50 43 21 00 
[I]cs(2760) 1471542877  :   --> 68 44 03 00 5f 55 00 00 
[I]cs(2760) 1471542877  :   --> 67 01 00 5a 00 05 80 44 
[I]cs(2760) 1471542877  :   --> e0 b8 ec 00 9f 05 00 d5 
[I]cs(2760) 1471542877  :   --> 6f 01 22 f1 01 62 d2 02 
[I]cs(2760) 1471542877  :   --> 63 d7 04 f8 3d 05 4d 05 
[I]cs(2760) 1471542877  :   --> 06 ce a9 06 f7 fc 07 3e 
[I]cs(2760) 1471542877  :   --> 15 07 7a 80 08 76 51 08 
[I]cs(2760) 1471542877  :   --> ba 6c 08 fa df 0a 15 5e 
[I]cs(2760) 1471542877  :   --> 0a 21 7d 0a a3 51 0a af 
[I]cs(2760) 1471542877  :   --> b0 0a da e6 0a fa 95 0b 
[I]cs(2760) 1471542877  :   --> 42 b3 0b af 91 0c d1 fa 
[I]cs(2760) 1471542877  :   --> 0d 47 c6 0d bd 7c 0e 58 
[I]cs(2760) 1471542877  :   --> 91 70 00 00 00 00 00 00 
[I]cs(2760) 1471542877  :   --> ff 
[I]cs(2760) 1471542878  :   Pkt #: 86
[I]cs(2760) 1471542878  :  Send Pkt to Pm at 1471542878.032509
[I]cs(2760) 1471542878  : Pkt sent to Pm, 86 bytes, payload: 70 bytes
[I]cs(2760) 1471542878  : Dump msg Pkt - 86 bytes
[I]cs(2760) 1471542878  :   --> 21 42 53 32 50 43 21 00 
[I]cs(2760) 1471542878  :   --> 4d 44 03 00 44 56 00 00 
[I]cs(2760) 1471542878  :   --> 67 01 00 3f 00 05 84 44 
[I]cs(2760) 1471542878  :   --> e0 b8 ed 00 72 52 00 80 
[I]cs(2760) 1471542878  :   --> 5e 01 ca f2 02 73 2c 03 
[I]cs(2760) 1471542878  :   --> 6c 1c 04 41 f6 04 6c 3c 
[I]cs(2760) 1471542878  :   --> 06 0f c1 07 a3 d1 07 e1 
[I]cs(2760) 1471542878  :   --> b5 08 85 ef 0a 7e 91 0a 
[I]cs(2760) 1471542878  :   --> fb 62 0b 14 bf 0c 7f eb 
[I]cs(2760) 1471542878  :   --> 0d 3e ef 0e 46 d6 70 00 
[I]cs(2760) 1471542878  :   --> 00 00 00 00 00 ff 
[I]cs(2760) 1471542879  :   Pkt #: 87
[I]cs(2760) 1471542879  :  Send Pkt to Pm at 1471542879.032178
[I]cs(2760) 1471542879  : Pkt sent to Pm, 110 bytes, payload: 94 bytes
[I]cs(2760) 1471542879  : Dump msg Pkt - 110 bytes
[I]cs(2760) 1471542879  :   --> 21 42 53 32 50 43 21 00 
[I]cs(2760) 1471542879  :   --> 65 44 03 00 5c 57 00 00 
[I]cs(2760) 1471542879  :   --> 67 01 00 57 00 05 88 44 
[I]cs(2760) 1471542879  :   --> e0 b8 ee 00 3f 4e 00 5d 
[I]cs(2760) 1471542879  :   --> 18 00 ce d7 01 18 6c 01 
[I]cs(2760) 1471542879  :   --> 20 7e 02 4c 31 03 5a 9a 
[I]cs(2760) 1471542879  :   --> 03 94 7d 03 9d 53 04 01 
[I]cs(2760) 1471542879  :   --> 63 04 81 e4 05 e2 90 08 
[I]cs(2760) 1471542879  :   --> 11 00 08 bb b9 09 c1 e1 
[I]cs(2760) 1471542879  :   --> 0a 63 a2 0a a4 d7 0b c5 
[I]cs(2760) 1471542879  :   --> a5 0c 87 10 0c 90 f6 0c 
[I]cs(2760) 1471542879  :   --> a7 a9 0d 7d fc 0d cd e7 
[I]cs(2760) 1471542879  :   --> 0e 62 1d 0e bd f9 70 00 
[I]cs(2760) 1471542879  :   --> 00 00 00 00 00 ff 
[I]cs(2760) 1471542880  :   Pkt #: 88
[I]cs(2760) 1471542880  :  Send Pkt to Pm at 1471542880.015810
[I]cs(2760) 1471542880  : Pkt sent to Pm, 86 bytes, payload: 70 bytes
[I]cs(2760) 1471542880  : Dump msg Pkt - 86 bytes
[I]cs(2760) 1471542880  :   --> 21 42 53 32 50 43 21 00 
[I]cs(2760) 1471542880  :   --> 4d 44 03 00 44 58 00 00 
[I]cs(2760) 1471542880  :   --> 67 01 00 3f 00 05 8c 44 
[I]cs(2760) 1471542880  :   --> e0 b8 ef 01 8e 71 02 40 
[I]cs(2760) 1471542880  :   --> a9 04 d2 23 05 67 f8 06 
[I]cs(2760) 1471542880  :   --> c1 fe 08 cb 9c 08 fd d1 
[I]cs(2760) 1471542880  :   --> 09 4d 0d 0a 18 4c 0b 01 
[I]cs(2760) 1471542880  :   --> c8 0b 4d 18 0c 09 fa 0c 
[I]cs(2760) 1471542880  :   --> 97 4f 0c de 40 0e 40 4c 
[I]cs(2760) 1471542880  :   --> 0e 73 c2 0f 1e d9 70 00 
[I]cs(2760) 1471542880  :   --> 00 00 00 00 00 ff 
[I]cs(2760) 1471542881  :   Pkt #: 89
[I]cs(2760) 1471542881  :  Send Pkt to Pm at 1471542881.028621
[I]cs(2760) 1471542881  : Pkt sent to Pm, 95 bytes, payload: 79 bytes
[I]cs(2760) 1471542881  : Dump msg Pkt - 95 bytes
[I]cs(2760) 1471542881  :   --> 21 42 53 32 50 43 21 00 
[I]cs(2760) 1471542881  :   --> 56 44 03 00 4d 59 00 00 
[I]cs(2760) 1471542881  :   --> 67 01 00 48 00 05 90 44 
[I]cs(2760) 1471542881  :   --> e0 b8 f0 01 2a 80 01 d6 
[I]cs(2760) 1471542881  :   --> 4f 02 c0 bc 04 3d 72 04 
[I]cs(2760) 1471542881  :   --> 86 98 06 28 f4 06 6c 6a 
[I]cs(2760) 1471542881  :   --> 07 08 7f 07 08 a2 07 39 
[I]cs(2760) 1471542881  :   --> c7 08 66 7a 09 d7 c1 0a 
[I]cs(2760) 1471542881  :   --> 1e 2d 0a 60 e2 0b 20 43 
[I]cs(2760) 1471542881  :   --> 0b 28 57 0c 47 21 0c 49 
[I]cs(2760) 1471542881  :   --> 5d 0c 65 65 0c ff cf 70 
[I]cs(2760) 1471542881  :   --> 00 00 00 00 00 00 ff 
[I]cs(2760) 1471542882  :   Pkt #: 90
[I]cs(2760) 1471542882  :  Send Pkt to Pm at 1471542882.025008
[I]cs(2760) 1471542882  : Pkt sent to Pm, 95 bytes, payload: 79 bytes
[I]cs(2760) 1471542882  : Dump msg Pkt - 95 bytes
[I]cs(2760) 1471542882  :   --> 21 42 53 32 50 43 21 00 
[I]cs(2760) 1471542882  :   --> 56 44 03 00 4d 5a 00 00 
[I]cs(2760) 1471542882  :   --> 67 01 00 48 00 05 94 44 
[I]cs(2760) 1471542882  :   --> e0 b8 f1 00 2d 45 01 73 
[I]cs(2760) 1471542882  :   --> 50 01 e6 e2 02 4e 6c 04 
[I]cs(2760) 1471542882  :   --> 73 9c 05 02 37 05 9c bf 
[I]cs(2760) 1471542882  :   --> 06 8d d0 07 72 8c 07 a1 
[I]cs(2760) 1471542882  :   --> de 08 20 8b 09 ca d9 0a 
[I]cs(2760) 1471542882  :   --> 7e 5f 0a 8c 85 0b 7f dd 
[I]cs(2760) 1471542882  :   --> 0d f8 f5 0e 26 d3 0e 3d 
[I]cs(2760) 1471542882  :   --> 24 0e 8f 01 0e e5 89 70 
[I]cs(2760) 1471542882  :   --> 00 00 00 00 00 00 ff 
[I]cs(2760) 1471542883  :   Pkt #: 91
[I]cs(2760) 1471542883  :  Send Pkt to Pm at 1471542883.016337
[I]cs(2760) 1471542883  : Pkt sent to Pm, 83 bytes, payload: 67 bytes
[I]cs(2760) 1471542883  : Dump msg Pkt - 83 bytes
[I]cs(2760) 1471542883  :   --> 21 42 53 32 50 43 21 00 
[I]cs(2760) 1471542883  :   --> 4a 44 03 00 41 5b 00 00 
[I]cs(2760) 1471542883  :   --> 67 01 00 3c 00 05 98 44 
[I]cs(2760) 1471542883  :   --> e0 b8 f2 01 c8 b0 01 d5 
[I]cs(2760) 1471542883  :   --> 88 02 55 62 03 e6 26 05 
[I]cs(2760) 1471542883  :   --> 23 21 06 68 2e 07 cb 66 
[I]cs(2760) 1471542883  :   --> 08 06 8c 08 7f 07 08 be 
[I]cs(2760) 1471542883  :   --> 58 0b 6c 37 0b a0 f2 0c 
[I]cs(2760) 1471542883  :   --> 76 11 0c fd 1d 0d 28 a3 
[I]cs(2760) 1471542883  :   --> 0e 17 50 70 00 00 00 00 
[I]cs(2760) 1471542883  :   --> 00 00 ff 
[I]cs(2760) 1471542884  :   Pkt #: 92
[I]cs(2760) 1471542884  :  Send Pkt to Pm at 1471542884.019204
[I]cs(2760) 1471542884  : Pkt sent to Pm, 104 bytes, payload: 88 bytes
[I]cs(2760) 1471542884  : Dump msg Pkt - 104 bytes
[I]cs(2760) 1471542884  :   --> 21 42 53 32 50 43 21 00 
[I]cs(2760) 1471542884  :   --> 5f 44 03 00 56 5c 00 00 
[I]cs(2760) 1471542884  :   --> 67 01 00 51 00 05 9c 44 
[I]cs(2760) 1471542884  :   --> e0 b8 f3 00 20 b1 00 9a 
[I]cs(2760) 1471542884  :   --> d2 02 81 fb 02 f0 64 03 
[I]cs(2760) 1471542884  :   --> 22 10 03 44 6a 03 f0 08 
[I]cs(2760) 1471542884  :   --> 04 62 6e 04 c4 c8 04 c5 
[I]cs(2760) 1471542884  :   --> 35 05 74 5a 05 b3 24 05 
[I]cs(2760) 1471542884  :   --> db f4 06 48 cd 06 4c e3 
[I]cs(2760) 1471542884  :   --> 06 e8 2a 0a 20 d4 0b 3e 
[I]cs(2760) 1471542884  :   --> cd 0b 5e f7 0b fa 37 0d 
[I]cs(2760) 1471542884  :   --> 3f 33 0d 62 d1 0e 53 19 
[I]cs(2760) 1471542884  :   --> 70 00 00 00 00 00 00 ff 
[I]cs(2760) 1471542885  :   Pkt #: 93
[I]cs(2760) 1471542885  :  Send Pkt to Pm at 1471542885.026173
[I]cs(2760) 1471542885  : Pkt sent to Pm, 104 bytes, payload: 88 bytes
[I]cs(2760) 1471542885  : Dump msg Pkt - 104 bytes
[I]cs(2760) 1471542885  :   --> 21 42 53 32 50 43 21 00 
[I]cs(2760) 1471542885  :   --> 5f 44 03 00 56 5d 00 00 
[I]cs(2760) 1471542885  :   --> 67 01 00 51 00 05 a0 44 
[I]cs(2760) 1471542885  :   --> e0 b8 f4 00 e2 b7 01 e3 
[I]cs(2760) 1471542885  :   --> 5f 02 99 94 03 65 98 04 
[I]cs(2760) 1471542885  :   --> 97 43 06 bb c8 07 1b 53 
[I]cs(2760) 1471542885  :   --> 08 09 05 08 47 7d 08 4b 
[I]cs(2760) 1471542885  :   --> 11 08 86 00 08 86 3b 08 
[I]cs(2760) 1471542885  :   --> 8a d3 09 06 4b 0b 0c 8a 
[I]cs(2760) 1471542885  :   --> 0b 7e 3a 0c 08 f9 0c 55 
[I]cs(2760) 1471542885  :   --> e4 0c d5 fc 0d b2 83 0e 
[I]cs(2760) 1471542885  :   --> 84 ff 0e ca 31 0e d9 8e 
[I]cs(2760) 1471542885  :   --> 70 00 00 00 00 00 00 ff 
[I]cs(2760) 1471542886  :   Pkt #: 94
[I]cs(2760) 1471542886  :  Send Pkt to Pm at 1471542886.018053
[I]cs(2760) 1471542886  : Pkt sent to Pm, 77 bytes, payload: 61 bytes
[I]cs(2760) 1471542886  : Dump msg Pkt - 77 bytes
[I]cs(2760) 1471542886  :   --> 21 42 53 32 50 43 21 00 
[I]cs(2760) 1471542886  :   --> 44 44 03 00 3b 5e 00 00 
[I]cs(2760) 1471542886  :   --> 67 01 00 36 00 05 a4 44 
[I]cs(2760) 1471542886  :   --> e0 b8 f5 00 93 82 01 7d 
[I]cs(2760) 1471542886  :   --> 1e 02 c3 77 04 3b 0a 04 
[I]cs(2760) 1471542886  :   --> 48 f7 05 62 10 05 64 b2 
[I]cs(2760) 1471542886  :   --> 08 a2 29 08 b1 73 09 80 
[I]cs(2760) 1471542886  :   --> f4 09 86 df 0a 55 2b 0b 
[I]cs(2760) 1471542886  :   --> d9 d3 0c a6 a1 70 00 00 
[I]cs(2760) 1471542886  :   --> 00 00 00 00 ff 
[I]cs(2760) 1471542887  :   Pkt #: 95
[I]cs(2760) 1471542887  :  Send Pkt to Pm at 1471542887.019237
[I]cs(2760) 1471542887  : Pkt sent to Pm, 110 bytes, payload: 94 bytes
[I]cs(2760) 1471542887  : Dump msg Pkt - 110 bytes
[I]cs(2760) 1471542887  :   --> 21 42 53 32 50 43 21 00 
[I]cs(2760) 1471542887  :   --> 65 44 03 00 5c 5f 00 00 
[I]cs(2760) 1471542887  :   --> 67 01 00 57 00 05 a8 44 
[I]cs(2760) 1471542887  :   --> e0 b8 f6 00 49 f6 00 df 
[I]cs(2760) 1471542887  :   --> ee 01 2c 18 01 aa 32 01 
[I]cs(2760) 1471542887  :   --> e9 4b 02 9c 8a 04 84 34 
[I]cs(2760) 1471542887  :   --> 04 a0 a5 04 a7 6e 07 90 
[I]cs(2760) 1471542887  :   --> 2f 07 bd 41 07 ed 8f 08 
[I]cs(2760) 1471542887  :   --> 06 64 08 c9 cc 09 5f 87 
[I]cs(2760) 1471542887  :   --> 0b 27 af 0b 79 98 0b ad 
[I]cs(2760) 1471542887  :   --> a5 0c 89 a5 0d 0c 91 0d 
[I]cs(2760) 1471542887  :   --> 18 ab 0d 7a b0 0e 50 3f 
[I]cs(2760) 1471542887  :   --> 0e dc bf 0f 08 da 70 00 
[I]cs(2760) 1471542887  :   --> 00 00 00 00 00 ff 
[I]cs(2760) 1471542888  :   Pkt #: 96
[I]cs(2760) 1471542888  :  Send Pkt to Pm at 1471542888.028906
[I]cs(2760) 1471542888  : Pkt sent to Pm, 116 bytes, payload: 100 bytes
[I]cs(2760) 1471542888  : Dump msg Pkt - 116 bytes
[I]cs(2760) 1471542888  :   --> 21 42 53 32 50 43 21 00 
[I]cs(2760) 1471542888  :   --> 6b 44 03 00 62 60 00 00 
[I]cs(2760) 1471542888  :   --> 67 01 00 5d 00 05 ac 44 
[I]cs(2760) 1471542888  :   --> e0 b8 f7 00 1d 1f 00 9a 
[I]cs(2760) 1471542888  :   --> 9c 00 d6 5f 01 76 68 01 
[I]cs(2760) 1471542888  :   --> b8 7a 02 31 2d 05 77 af 
[I]cs(2760) 1471542888  :   --> 06 3f cc 06 83 93 08 44 
[I]cs(2760) 1471542888  :   --> b9 08 68 d4 08 f5 97 09 
[I]cs(2760) 1471542888  :   --> 1a 2e 09 bb 5b 0b 29 ef 
[I]cs(2760) 1471542888  :   --> 0c 4b 39 0c 9a 26 0c f5 
[I]cs(2760) 1471542888  :   --> a9 0d 07 41 0d 6f 9a 0d 
[I]cs(2760) 1471542888  :   --> 7e f9 0d c4 5e 0d ed 01 
[I]cs(2760) 1471542888  :   --> 0d f7 27 0e 09 b7 0e 73 
[I]cs(2760) 1471542888  :   --> a0 0e 95 41 70 00 00 00 
[I]cs(2760) 1471542888  :   --> 00 00 00 ff 
[I]cs(2760) 1471542889  :   Pkt #: 97
[I]cs(2760) 1471542889  :  Send Pkt to Pm at 1471542889.026559
[I]cs(2760) 1471542889  : Pkt sent to Pm, 74 bytes, payload: 58 bytes
[I]cs(2760) 1471542889  : Dump msg Pkt - 74 bytes
[I]cs(2760) 1471542889  :   --> 21 42 53 32 50 43 21 00 
[I]cs(2760) 1471542889  :   --> 41 44 03 00 38 61 00 00 
[I]cs(2760) 1471542889  :   --> 67 01 00 33 00 05 b0 44 
[I]cs(2760) 1471542889  :   --> e0 b8 f8 00 80 95 00 c6 
[I]cs(2760) 1471542889  :   --> 3d 01 e0 22 02 c9 99 03 
[I]cs(2760) 1471542889  :   --> e6 dc 07 2d 72 07 38 93 
[I]cs(2760) 1471542889  :   --> 09 00 c4 09 98 45 09 a9 
[I]cs(2760) 1471542889  :   --> 7d 0c e6 1b 0c ff 34 0d 
[I]cs(2760) 1471542889  :   --> 42 16 70 00 00 00 00 00 
[I]cs(2760) 1471542889  :   --> 00 ff 
[I]cs(2760) 1471542890  :   Pkt #: 98
[I]cs(2760) 1471542890  :  Send Pkt to Pm at 1471542890.016051
[I]cs(2760) 1471542890  : Pkt sent to Pm, 83 bytes, payload: 67 bytes
[I]cs(2760) 1471542890  : Dump msg Pkt - 83 bytes
[I]cs(2760) 1471542890  :   --> 21 42 53 32 50 43 21 00 
[I]cs(2760) 1471542890  :   --> 4a 44 03 00 41 62 00 00 
[I]cs(2760) 1471542890  :   --> 67 01 00 3c 00 05 b4 44 
[I]cs(2760) 1471542890  :   --> e0 b8 f9 00 35 7d 00 b8 
[I]cs(2760) 1471542890  :   --> 08 01 b4 4c 03 cb 0f 05 
[I]cs(2760) 1471542890  :   --> 25 ca 05 5a 6f 05 88 12 
[I]cs(2760) 1471542890  :   --> 05 e5 ee 06 9f c2 06 ac 
[I]cs(2760) 1471542890  :   --> a3 08 9d d9 0a 25 4d 0c 
[I]cs(2760) 1471542890  :   --> a7 73 0c aa fb 0c e1 e5 
[I]cs(2760) 1471542890  :   --> 0e 3b 62 70 00 00 00 00 
[I]cs(2760) 1471542890  :   --> 00 00 ff 
[I]cs(2760) 1471542891  :   Pkt #: 99
[I]cs(2760) 1471542891  :  Send Pkt to Pm at 1471542891.025795
[I]cs(2760) 1471542891  : Pkt sent to Pm, 86 bytes, payload: 70 bytes
[I]cs(2760) 1471542891  : Dump msg Pkt - 86 bytes
[I]cs(2760) 1471542891  :   --> 21 42 53 32 50 43 21 00 
[I]cs(2760) 1471542891  :   --> 4d 44 03 00 44 63 00 00 
[I]cs(2760) 1471542891  :   --> 67 01 00 3f 00 05 b8 44 
[I]cs(2760) 1471542891  :   --> e0 b8 fa 00 2f 79 00 65 
[I]cs(2760) 1471542891  :   --> ad 00 e0 52 01 f0 72 03 
[I]cs(2760) 1471542891  :   --> bb 04 03 db 45 05 5e 52 
[I]cs(2760) 1471542891  :   --> 05 60 cf 07 ea 23 08 5e 
[I]cs(2760) 1471542891  :   --> 42 0a 59 31 0a a4 0d 0b 
[I]cs(2760) 1471542891  :   --> f1 de 0d 27 03 0e a0 da 
[I]cs(2760) 1471542891  :   --> 0e d1 46 0e f8 03 70 00 
[I]cs(2760) 1471542891  :   --> 00 00 00 00 00 ff 
[I]cs(2760) 1471542892  :   Pkt #: 100
[I]cs(2760) 1471542892  :  Send Pkt to Pm at 1471542892.027725
[I]cs(2760) 1471542892  : Pkt sent to Pm, 98 bytes, payload: 82 bytes
[I]cs(2760) 1471542892  : Dump msg Pkt - 98 bytes
[I]cs(2760) 1471542892  :   --> 21 42 53 32 50 43 21 00 
[I]cs(2760) 1471542892  :   --> 59 44 03 00 50 64 00 00 
[I]cs(2760) 1471542892  :   --> 67 01 00 4b 00 05 bc 44 
[I]cs(2760) 1471542892  :   --> e0 b8 fb 00 4a 1a 00 cb 
[I]cs(2760) 1471542892  :   --> e4 01 54 c6 02 1b b7 02 
[I]cs(2760) 1471542892  :   --> 8c 57 02 b8 1d 03 74 db 
[I]cs(2760) 1471542892  :   --> 04 05 4f 04 95 57 04 fd 
[I]cs(2760) 1471542892  :   --> 25 05 fd 4f 06 84 f5 08 
[I]cs(2760) 1471542892  :   --> 95 78 08 e2 ed 0a 13 1a 
[I]cs(2760) 1471542892  :   --> 0a 31 08 0b 29 25 0b b9 
[I]cs(2760) 1471542892  :   --> 1a 0b bd 71 0d 75 a2 0d 
[I]cs(2760) 1471542892  :   --> cc 8a 70 00 00 00 00 00 
[I]cs(2760) 1471542892  :   --> 00 ff 
[I]cs(2760) 1471542893  :   Pkt #: 101
[I]cs(2760) 1471542893  :  Send Pkt to Pm at 1471542893.019467
[I]cs(2760) 1471542893  : Pkt sent to Pm, 110 bytes, payload: 94 bytes
[I]cs(2760) 1471542893  : Dump msg Pkt - 110 bytes
[I]cs(2760) 1471542893  :   --> 21 42 53 32 50 43 21 00 
[I]cs(2760) 1471542893  :   --> 65 44 03 00 5c 65 00 00 
[I]cs(2760) 1471542893  :   --> 67 01 00 57 00 05 c0 44 
[I]cs(2760) 1471542893  :   --> e0 b8 fc 01 5a f8 01 71 
[I]cs(2760) 1471542893  :   --> 48 02 c7 1c 03 7e 8a 03 
[I]cs(2760) 1471542893  :   --> a9 7d 04 6e 75 04 d0 a4 
[I]cs(2760) 1471542893  :   --> 06 b9 03 06 e2 e6 07 42 
[I]cs(2760) 1471542893  :   --> 1e 07 79 3b 09 0f 8d 09 
[I]cs(2760) 1471542893  :   --> 1c f5 0a 44 d3 0a 8f b0 
[I]cs(2760) 1471542893  :   --> 0a bb fb 0a d2 6f 0b 14 
[I]cs(2760) 1471542893  :   --> 84 0b 5d cd 0b a0 63 0d 
[I]cs(2760) 1471542893  :   --> 00 32 0d 39 ba 0d b0 e1 
[I]cs(2760) 1471542893  :   --> 0e d6 f7 0e ee 81 70 00 
[I]cs(2760) 1471542893  :   --> 00 00 00 00 00 ff 
[I]cs(2760) 1471542894  :   Pkt #: 102
[I]cs(2760) 1471542894  :  Send Pkt to Pm at 1471542894.029196
[I]cs(2760) 1471542894  : Pkt sent to Pm, 86 bytes, payload: 70 bytes
[I]cs(2760) 1471542894  : Dump msg Pkt - 86 bytes
[I]cs(2760) 1471542894  :   --> 21 42 53 32 50 43 21 00 
[I]cs(2760) 1471542894  :   --> 4d 44 03 00 44 66 00 00 
[I]cs(2760) 1471542894  :   --> 67 01 00 3f 00 05 c4 44 
[I]cs(2760) 1471542894  :   --> e0 b8 fd 00 a3 c6 01 92 
[I]cs(2760) 1471542894  :   --> 1e 02 41 f1 02 90 17 03 
[I]cs(2760) 1471542894  :   --> 0b 7c 03 c6 ca 05 21 6e 
[I]cs(2760) 1471542894  :   --> 06 dd 96 07 b2 8f 07 f3 
[I]cs(2760) 1471542894  :   --> c1 09 1d 1f 09 8e 38 0a 
[I]cs(2760) 1471542894  :   --> f2 08 0c 7c 5d 0d 20 5f 
[I]cs(2760) 1471542894  :   --> 0d 79 fc 0e f3 f4 70 00 
[I]cs(2760) 1471542894  :   --> 00 00 00 00 00 ff 
[I]cs(2760) 1471542895  :   Pkt #: 103
[I]cs(2760) 1471542895  :  Send Pkt to Pm at 1471542895.028553
[I]cs(2760) 1471542895  : Pkt sent to Pm, 101 bytes, payload: 85 bytes
[I]cs(2760) 1471542895  : Dump msg Pkt - 101 bytes
[I]cs(2760) 1471542895  :   --> 21 42 53 32 50 43 21 00 
[I]cs(2760) 1471542895  :   --> 5c 44 03 00 53 67 00 00 
[I]cs(2760) 1471542895  :   --> 67 01 00 4e 00 05 c8 44 
[I]cs(2760) 1471542895  :   --> e0 b8 fe 00 aa aa 01 2a 
[I]cs(2760) 1471542895  :   --> c4 01 83 a4 01 c0 ef 03 
[I]cs(2760) 1471542895  :   --> 5a e4 03 87 d6 06 08 49 
[I]cs(2760) 1471542895  :   --> 06 2a cf 06 63 6b 06 be 
[I]cs(2760) 1471542895  :   --> 2e 08 bc ac 09 0f ae 0a 
[I]cs(2760) 1471542895  :   --> 3b 42 0b 3e da 0b d6 7e 
[I]cs(2760) 1471542895  :   --> 0b ec 38 0d 4f 77 0d ad 
[I]cs(2760) 1471542895  :   --> 6b 0d ee cd 0e 3c 3a 0e 
[I]cs(2760) 1471542895  :   --> 97 e9 0e a9 bd 70 00 00 
[I]cs(2760) 1471542895  :   --> 00 00 00 00 ff 
[I]cs(2760) 1471542896  :   Pkt #: 104
[I]cs(2760) 1471542896  :  Send Pkt to Pm at 1471542896.029748
[I]cs(2760) 1471542896  : Pkt sent to Pm, 107 bytes, payload: 91 bytes
[I]cs(2760) 1471542896  : Dump msg Pkt - 107 bytes
[I]cs(2760) 1471542896  :   --> 21 42 53 32 50 43 21 00 
[I]cs(2760) 1471542896  :   --> 62 44 03 00 59 68 00 00 
[I]cs(2760) 1471542896  :   --> 67 01 00 54 00 05 cc 44 
[I]cs(2760) 1471542896  :   --> e0 b8 ff 00 0a f3 00 56 
[I]cs(2760) 1471542896  :   --> 86 00 b2 11 00 e0 c0 01 
[I]cs(2760) 1471542896  :   --> 8d c4 01 fe 7a 02 57 70 
[I]cs(2760) 1471542896  :   --> 02 73 9c 03 f0 7f 04 08 
[I]cs(2760) 1471542896  :   --> 5e 04 10 f0 04 49 4f 04 
[I]cs(2760) 1471542896  :   --> 53 7c 04 b8 d1 04 df 40 
[I]cs(2760) 1471542896  :   --> 06 f5 78 08 16 ef 09 50 
[I]cs(2760) 1471542896  :   --> ab 09 55 ea 0a 27 d6 0a 
[I]cs(2760) 1471542896  :   --> 70 ce 0a d9 21 0b 9c 0b 
[I]cs(2760) 1471542896  :   --> 0c d7 c3 70 00 00 00 00 
[I]cs(2760) 1471542896  :   --> 00 00 ff 
[I]cs(2760) 1471542897  :   Pkt #: 105
[I]cs(2760) 1471542897  :  Send Pkt to Pm at 1471542897.036071
[I]cs(2760) 1471542897  : Pkt sent to Pm, 98 bytes, payload: 82 bytes
[I]cs(2760) 1471542897  : Dump msg Pkt - 98 bytes
[I]cs(2760) 1471542897  :   --> 21 42 53 32 50 43 21 00 
[I]cs(2760) 1471542897  :   --> 59 44 03 00 50 69 00 00 
[I]cs(2760) 1471542897  :   --> 67 01 00 4b 00 05 d0 44 
[I]cs(2760) 1471542897  :   --> e0 b9 00 00 0e 73 00 55 
[I]cs(2760) 1471542897  :   --> 0d 01 f2 9f 03 33 11 03 
[I]cs(2760) 1471542897  :   --> 58 3a 06 1c f5 06 e7 45 
[I]cs(2760) 1471542897  :   --> 07 70 17 07 c3 7a 08 85 
[I]cs(2760) 1471542897  :   --> ce 09 2b 72 09 48 fd 0a 
[I]cs(2760) 1471542897  :   --> 7e 24 0b 47 5b 0b 5e 57 
[I]cs(2760) 1471542897  :   --> 0c 77 7f 0c 95 ca 0d 82 
[I]cs(2760) 1471542897  :   --> f0 0d e2 22 0e 26 53 0e 
[I]cs(2760) 1471542897  :   --> 79 c1 70 00 00 00 00 00 
[I]cs(2760) 1471542897  :   --> 00 ff 
[I]cs(2760) 1471542898  :   Pkt #: 106
[I]cs(2760) 1471542898  :  Send Pkt to Pm at 1471542898.024669
[I]cs(2760) 1471542898  : Pkt sent to Pm, 77 bytes, payload: 61 bytes
[I]cs(2760) 1471542898  : Dump msg Pkt - 77 bytes
[I]cs(2760) 1471542898  :   --> 21 42 53 32 50 43 21 00 
[I]cs(2760) 1471542898  :   --> 44 44 03 00 3b 6a 00 00 
[I]cs(2760) 1471542898  :   --> 67 01 00 36 00 05 d4 44 
[I]cs(2760) 1471542898  :   --> e0 b9 01 00 6b 72 02 55 
[I]cs(2760) 1471542898  :   --> 64 02 68 2e 03 33 85 03 
[I]cs(2760) 1471542898  :   --> 7c f0 05 28 07 05 3d f4 
[I]cs(2760) 1471542898  :   --> 05 d7 a4 08 3a 44 08 73 
[I]cs(2760) 1471542898  :   --> 77 0a 00 d4 0c 15 e4 0c 
[I]cs(2760) 1471542898  :   --> 28 0a 0d 28 63 70 00 00 
[I]cs(2760) 1471542898  :   --> 00 00 00 00 ff 
[I]cs(2760) 1471542899  :   Pkt #: 107
[I]cs(2760) 1471542899  :  Send Pkt to Pm at 1471542899.032384
[I]cs(2760) 1471542899  : Pkt sent to Pm, 89 bytes, payload: 73 bytes
[I]cs(2760) 1471542899  : Dump msg Pkt - 89 bytes
[I]cs(2760) 1471542899  :   --> 21 42 53 32 50 43 21 00 
[I]cs(2760) 1471542899  :   --> 50 44 03 00 47 6b 00 00 
[I]cs(2760) 1471542899  :   --> 67 01 00 42 00 05 d8 44 
[I]cs(2760) 1471542899  :   --> e0 b9 02 00 28 3c 00 4e 
[I]cs(2760) 1471542899  :   --> 54 00 7a 83 00 f1 85 02 
[I]cs(2760) 1471542899  :   --> b4 44 02 c4 80 03 36 76 
[I]cs(2760) 1471542899  :   --> 03 b6 f2 05 54 cd 06 1e 
[I]cs(2760) 1471542899  :   --> 1d 06 31 24 06 a6 93 07 
[I]cs(2760) 1471542899  :   --> 33 d0 07 e8 28 08 84 c1 
[I]cs(2760) 1471542899  :   --> 0b 67 08 0c d1 37 0e fc 
[I]cs(2760) 1471542899  :   --> 24 70 00 00 00 00 00 00 
[I]cs(2760) 1471542899  :   --> ff 
[I]cs(2760) 1471542900  :   Pkt #: 108
[I]cs(2760) 1471542900  :  Send Pkt to Pm at 1471542900.024718
[I]cs(2760) 1471542900  : Pkt sent to Pm, 86 bytes, payload: 70 bytes
[I]cs(2760) 1471542900  : Dump msg Pkt - 86 bytes
[I]cs(2760) 1471542900  :   --> 21 42 53 32 50 43 21 00 
[I]cs(2760) 1471542900  :   --> 4d 44 03 00 44 6c 00 00 
[I]cs(2760) 1471542900  :   --> 67 01 00 3f 00 05 dc 44 
[I]cs(2760) 1471542900  :   --> e0 b9 03 00 c2 40 01 5f 
[I]cs(2760) 1471542900  :   --> 53 01 d2 59 02 1b 8f 05 
[I]cs(2760) 1471542900  :   --> 72 1c 05 7d 20 06 11 cf 
[I]cs(2760) 1471542900  :   --> 06 39 43 06 5a fe 09 a2 
[I]cs(2760) 1471542900  :   --> 17 0b 14 25 0b e1 e5 0c 
[I]cs(2760) 1471542900  :   --> 8c 71 0d 8a cd 0d a9 73 
[I]cs(2760) 1471542900  :   --> 0e 2f 3f 0e 34 56 70 00 
[I]cs(2760) 1471542900  :   --> 00 00 00 00 00 ff 
[I]cs(2760) 1471542901  :   Pkt #: 109
[I]cs(2760) 1471542901  :  Send Pkt to Pm at 1471542901.022507
[I]cs(2760) 1471542901  : Pkt sent to Pm, 110 bytes, payload: 94 bytes
[I]cs(2760) 1471542901  : Dump msg Pkt - 110 bytes
[I]cs(2760) 1471542901  :   --> 21 42 53 32 50 43 21 00 
[I]cs(2760) 1471542901  :   --> 65 44 03 00 5c 6d 00 00 
[I]cs(2760) 1471542901  :   --> 67 01 00 57 00 05 e0 44 
[I]cs(2760) 1471542901  :   --> e0 b9 04 00 2f 10 00 82 
[I]cs(2760) 1471542901  :   --> 8a 00 a6 c1 00 ed b2 02 
[I]cs(2760) 1471542901  :   --> 8c 13 05 24 c2 06 d1 5b 
[I]cs(2760) 1471542901  :   --> 07 77 c5 07 fa b4 08 dd 
[I]cs(2760) 1471542901  :   --> 57 08 f1 0d 09 94 98 09 
[I]cs(2760) 1471542901  :   --> c0 14 0a 6d 79 0a f5 f7 
[I]cs(2760) 1471542901  :   --> 0b 63 f3 0b 86 1a 0c 24 
[I]cs(2760) 1471542901  :   --> e9 0c 75 4a 0c 97 fc 0c 
[I]cs(2760) 1471542901  :   --> ff a7 0d 42 9b 0d 42 e9 
[I]cs(2760) 1471542901  :   --> 0d bb cf 0e 15 e5 70 00 
[I]cs(2760) 1471542901  :   --> 00 00 00 00 00 ff 
[I]cs(2760) 1471542902  :   Pkt #: 110
[I]cs(2760) 1471542902  :  Send Pkt to Pm at 1471542902.020761
[I]cs(2760) 1471542902  : Pkt sent to Pm, 86 bytes, payload: 70 bytes
[I]cs(2760) 1471542902  : Dump msg Pkt - 86 bytes
[I]cs(2760) 1471542902  :   --> 21 42 53 32 50 43 21 00 
[I]cs(2760) 1471542902  :   --> 4d 44 03 00 44 6e 00 00 
[I]cs(2760) 1471542902  :   --> 67 01 00 3f 00 05 e4 44 
[I]cs(2760) 1471542902  :   --> e0 b9 05 00 71 cf 01 05 
[I]cs(2760) 1471542902  :   --> 1f 01 3a f0 02 d9 3e 02 
[I]cs(2760) 1471542902  :   --> df 2b 02 ed 5e 02 f9 8b 
[I]cs(2760) 1471542902  :   --> 03 5b d9 04 1f 57 04 b8 
[I]cs(2760) 1471542902  :   --> 25 04 ff e3 06 bc 4c 09 
[I]cs(2760) 1471542902  :   --> f7 91 0a df bd 0b f0 c8 
[I]cs(2760) 1471542902  :   --> 0b f8 c7 0f 0c b8 70 00 
[I]cs(2760) 1471542902  :   --> 00 00 00 00 00 ff 
[I]cs(2760) 1471542903  :   Pkt #: 111
[I]cs(2760) 1471542903  :  Send Pkt to Pm at 1471542903.016049
[I]cs(2760) 1471542903  : Pkt sent to Pm, 77 bytes, payload: 61 bytes
[I]cs(2760) 1471542903  : Dump msg Pkt - 77 bytes
[I]cs(2760) 1471542903  :   --> 21 42 53 32 50 43 21 00 
[I]cs(2760) 1471542903  :   --> 44 44 03 00 3b 6f 00 00 
[I]cs(2760) 1471542903  :   --> 67 01 00 36 00 05 e8 44 
[I]cs(2760) 1471542903  :   --> e0 b9 06 00 d6 b1 06 0e 
[I]cs(2760) 1471542903  :   --> 6b 06 4d b5 07 ef c1 08 
[I]cs(2760) 1471542903  :   --> 64 93 08 6b a6 08 af cb 
[I]cs(2760) 1471542903  :   --> 0c f5 db 0d 50 83 0d 5f 
[I]cs(2760) 1471542903  :   --> ae 0e 49 e8 0e 5f ff 0e 
[I]cs(2760) 1471542903  :   --> 72 cc 0f 2e b4 70 00 00 
[I]cs(2760) 1471542903  :   --> 00 00 00 00 ff 
[I]cs(2760) 1471542904  :   Pkt #: 112
[I]cs(2760) 1471542904  :  Send Pkt to Pm at 1471542904.033006
[I]cs(2760) 1471542904  : Pkt sent to Pm, 116 bytes, payload: 100 bytes
[I]cs(2760) 1471542904  : Dump msg Pkt - 116 bytes
[I]cs(2760) 1471542904  :   --> 21 42 53 32 50 43 21 00 
[I]cs(2760) 1471542904  :   --> 6b 44 03 00 62 70 00 00 
[I]cs(2760) 1471542904  :   --> 67 01 00 5d 00 05 ec 44 
[I]cs(2760) 1471542904  :   --> e0 b9 07 00 97 8c 00 f7 
[I]cs(2760) 1471542904  :   --> 66 02 4e 9b 02 6e 79 02 
[I]cs(2760) 1471542904  :   --> 7c c5 02 f6 55 03 40 38 
[I]cs(2760) 1471542904  :   --> 03 60 73 03 a2 d8 05 12 
[I]cs(2760) 1471542904  :   --> 01 05 64 23 05 86 ab 06 
[I]cs(2760) 1471542904  :   --> 2c 98 06 8e b4 06 a1 b9 
[I]cs(2760) 1471542904  :   --> 06 aa 65 0a 03 11 0a 9f 
[I]cs(2760) 1471542904  :   --> 9e 0b b6 2a 0b db b0 0c 
[I]cs(2760) 1471542904  :   --> 1e 0a 0c 48 a6 0d d4 a7 
[I]cs(2760) 1471542904  :   --> 0e 2a 61 0e 63 79 0e a8 
[I]cs(2760) 1471542904  :   --> 47 0e ab 56 70 00 00 00 
[I]cs(2760) 1471542904  :   --> 00 00 00 ff 
[I]cs(2760) 1471542905  :   Pkt #: 113
[I]cs(2760) 1471542905  :  Send Pkt to Pm at 1471542905.026270
[I]cs(2760) 1471542905  : Pkt sent to Pm, 89 bytes, payload: 73 bytes
[I]cs(2760) 1471542905  : Dump msg Pkt - 89 bytes
[I]cs(2760) 1471542905  :   --> 21 42 53 32 50 43 21 00 
[I]cs(2760) 1471542905  :   --> 50 44 03 00 47 71 00 00 
[I]cs(2760) 1471542905  :   --> 67 01 00 42 00 05 f0 44 
[I]cs(2760) 1471542905  :   --> e0 b9 08 00 7c 3b 00 81 
[I]cs(2760) 1471542905  :   --> 13 01 68 25 01 e6 ea 02 
[I]cs(2760) 1471542905  :   --> 00 b8 02 15 89 04 77 c0 
[I]cs(2760) 1471542905  :   --> 04 95 ab 04 cf 6a 06 a6 
[I]cs(2760) 1471542905  :   --> 34 09 89 1d 09 bc 21 0b 
[I]cs(2760) 1471542905  :   --> 06 8f 0c bd 8b 0e 0d 0e 
[I]cs(2760) 1471542905  :   --> 0e 0f fa 0e 27 24 0e 9d 
[I]cs(2760) 1471542905  :   --> 06 70 00 00 00 00 00 00 
[I]cs(2760) 1471542905  :   --> ff 
[I]cs(2760) 1471542906  :   Pkt #: 114
[I]cs(2760) 1471542906  :  Send Pkt to Pm at 1471542906.023863
[I]cs(2760) 1471542906  : Pkt sent to Pm, 116 bytes, payload: 100 bytes
[I]cs(2760) 1471542906  : Dump msg Pkt - 116 bytes
[I]cs(2760) 1471542906  :   --> 21 42 53 32 50 43 21 00 
[I]cs(2760) 1471542906  :   --> 6b 44 03 00 62 72 00 00 
[I]cs(2760) 1471542906  :   --> 67 01 00 5d 00 05 f4 44 
[I]cs(2760) 1471542906  :   --> e0 b9 09 00 78 b4 01 5b 
[I]cs(2760) 1471542906  :   --> e8 01 ce cb 02 64 92 02 
[I]cs(2760) 1471542906  :   --> a0 c5 03 02 f1 03 9c ff 
[I]cs(2760) 1471542906  :   --> 04 93 48 04 f5 5b 05 79 
[I]cs(2760) 1471542906  :   --> 8c 06 0a b9 06 96 48 06 
[I]cs(2760) 1471542906  :   --> 9b 4e 07 01 0c 07 09 8f 
[I]cs(2760) 1471542906  :   --> 09 52 9f 0a 4f f6 0a 82 
[I]cs(2760) 1471542906  :   --> 9e 0a c9 f5 0b 91 7e 0b 
[I]cs(2760) 1471542906  :   --> d4 6d 0c 94 f9 0d f4 1d 
[I]cs(2760) 1471542906  :   --> 0e 10 81 0e 15 14 0e a3 
[I]cs(2760) 1471542906  :   --> 07 0f 1d 3e 70 00 00 00 
[I]cs(2760) 1471542906  :   --> 00 00 00 ff 
[I]cs(2760) 1471542907  :   Pkt #: 115
[I]cs(2760) 1471542907  :  Send Pkt to Pm at 1471542907.021242
[I]cs(2760) 1471542907  : Pkt sent to Pm, 116 bytes, payload: 100 bytes
[I]cs(2760) 1471542907  : Dump msg Pkt - 116 bytes
[I]cs(2760) 1471542907  :   --> 21 42 53 32 50 43 21 00 
[I]cs(2760) 1471542907  :   --> 6b 44 03 00 62 73 00 00 
[I]cs(2760) 1471542907  :   --> 67 01 00 5d 00 05 f8 44 
[I]cs(2760) 1471542907  :   --> e0 b9 0a 00 07 c1 00 d0 
[I]cs(2760) 1471542907  :   --> f5 01 67 61 02 94 5d 02 
[I]cs(2760) 1471542907  :   --> a3 d0 02 d6 f9 03 2f 7b 
[I]cs(2760) 1471542907  :   --> 04 26 10 04 ac e0 04 ca 
[I]cs(2760) 1471542907  :   --> 8d 05 99 63 06 1a b8 06 
[I]cs(2760) 1471542907  :   --> 37 1e 06 52 4c 06 9a db 
[I]cs(2760) 1471542907  :   --> 07 6f ad 07 e0 44 08 3e 
[I]cs(2760) 1471542907  :   --> 40 09 26 5f 0a 27 90 0a 
[I]cs(2760) 1471542907  :   --> 5d 98 0b 38 5a 0b 6d 32 
[I]cs(2760) 1471542907  :   --> 0b fa c2 0c 74 d7 0d 95 
[I]cs(2760) 1471542907  :   --> 03 0e f5 1f 70 00 00 00 
[I]cs(2760) 1471542907  :   --> 00 00 00 ff 
[I]cs(2760) 1471542908  :   Pkt #: 116
[I]cs(2760) 1471542908  :  Send Pkt to Pm at 1471542908.017817
[I]cs(2760) 1471542908  : Pkt sent to Pm, 86 bytes, payload: 70 bytes
[I]cs(2760) 1471542908  : Dump msg Pkt - 86 bytes
[I]cs(2760) 1471542908  :   --> 21 42 53 32 50 43 21 00 
[I]cs(2760) 1471542908  :   --> 4d 44 03 00 44 74 00 00 
[I]cs(2760) 1471542908  :   --> 67 01 00 3f 00 05 fc 44 
[I]cs(2760) 1471542908  :   --> e0 b9 0b 00 87 f1 00 fd 
[I]cs(2760) 1471542908  :   --> d8 01 72 2d 01 e9 be 02 
[I]cs(2760) 1471542908  :   --> 36 a7 04 10 e7 06 5f 35 
[I]cs(2760) 1471542908  :   --> 06 da a5 08 1e de 08 7b 
[I]cs(2760) 1471542908  :   --> 14 0a c8 30 0a d4 0f 0b 
[I]cs(2760) 1471542908  :   --> 3f d3 0c 5c 67 0d 43 66 
[I]cs(2760) 1471542908  :   --> 0e 1f 2d 0e 66 8f 70 00 
[I]cs(2760) 1471542908  :   --> 00 00 00 00 00 ff 
[I]cs(2760) 1471542909  :   Pkt #: 117
[I]cs(2760) 1471542909  :  Send Pkt to Pm at 1471542909.026988
[I]cs(2760) 1471542909  : Pkt sent to Pm, 77 bytes, payload: 61 bytes
[I]cs(2760) 1471542909  : Dump msg Pkt - 77 bytes
[I]cs(2760) 1471542909  :   --> 21 42 53 32 50 43 21 00 
[I]cs(2760) 1471542909  :   --> 44 44 03 00 3b 75 00 00 
[I]cs(2760) 1471542909  :   --> 67 01 00 36 00 05 00 44 
[I]cs(2760) 1471542909  :   --> e0 b9 0c 01 1a ce 01 b2 
[I]cs(2760) 1471542909  :   --> 87 01 e0 cc 03 f0 eb 03 
[I]cs(2760) 1471542909  :   --> f6 15 04 44 c9 06 40 78 
[I]cs(2760) 1471542909  :   --> 07 ee d9 07 f4 9e 09 c5 
[I]cs(2760) 1471542909  :   --> 1a 09 cb 91 0a 21 69 0b 
[I]cs(2760) 1471542909  :   --> c4 71 0e 7f 63 70 00 00 
[I]cs(2760) 1471542909  :   --> 00 00 00 00 ff 
[I]cs(2760) 1471542910  :   Pkt #: 118
[I]cs(2760) 1471542910  :  Send Pkt to Pm at 1471542910.019238
[I]cs(2760) 1471542910  : Pkt sent to Pm, 104 bytes, payload: 88 bytes
[I]cs(2760) 1471542910  : Dump msg Pkt - 104 bytes
[I]cs(2760) 1471542910  :   --> 21 42 53 32 50 43 21 00 
[I]cs(2760) 1471542910  :   --> 5f 44 03 00 56 76 00 00 
[I]cs(2760) 1471542910  :   --> 67 01 00 51 00 05 04 44 
[I]cs(2760) 1471542910  :   --> e0 b9 0d 00 43 d6 01 22 
[I]cs(2760) 1471542910  :   --> 58 01 6b 68 01 d9 e2 01 
[I]cs(2760) 1471542910  :   --> f6 7c 03 75 44 03 ae d2 
[I]cs(2760) 1471542910  :   --> 03 ce e9 04 90 d6 04 d2 
[I]cs(2760) 1471542910  :   --> f8 04 fd 9d 06 12 d7 06 
[I]cs(2760) 1471542910  :   --> 5a cc 06 a8 b7 06 ad f2 
[I]cs(2760) 1471542910  :   --> 08 dd 1e 0a 19 59 0a 3a 
[I]cs(2760) 1471542910  :   --> 15 0b 1f d9 0c 2e f7 0c 
[I]cs(2760) 1471542910  :   --> 79 31 0c c0 dd 0c e9 d9 
[I]cs(2760) 1471542910  :   --> 70 00 00 00 00 00 00 ff 
[I]cs(2760) 1471542910  : Got Pkt from Pm
[I]cs(2760) 1471542910  : Preamble '  !PC2BS!'
[I]cs(2760) 1471542910  :    Payload size: 24
[I]cs(2760) 1471542910  : Dump msg Pkt - 29 bytes
[I]cs(2760) 1471542910  :   --> 00 16 00 00 00 67 00 11 
[I]cs(2760) 1471542910  :   --> 00 07 00 00 05 44 e0 b9 
[I]cs(2760) 1471542910  :   --> 0d 00 0c e9 d9 64 ff b6 
[I]cs(2760) 1471542910  :   --> 00 00 00 00 ff 
[I]cs(2760) 1471542910  : Got 24 bytes from Pm
[I]cs(2760) 1471542910  : 24 bytes sent to LS
[I]cs(2760) 1471542911  :   Pkt #: 119
[I]cs(2760) 1471542911  :  Send Pkt to Pm at 1471542911.027380
[I]cs(2760) 1471542911  : Pkt sent to Pm, 77 bytes, payload: 61 bytes
[I]cs(2760) 1471542911  : Dump msg Pkt - 77 bytes
[I]cs(2760) 1471542911  :   --> 21 42 53 32 50 43 21 00 
[I]cs(2760) 1471542911  :   --> 44 44 03 00 3b 77 00 00 
[I]cs(2760) 1471542911  :   --> 67 01 00 36 00 05 08 44 
[I]cs(2760) 1471542911  :   --> e0 b9 0e 00 13 6e 01 e4 
[I]cs(2760) 1471542911  :   --> 04 03 ac 13 04 68 eb 07 
[I]cs(2760) 1471542911  :   --> 3f 7c 07 93 c0 08 17 d2 
[I]cs(2760) 1471542911  :   --> 08 49 b5 08 f2 44 0b 03 
[I]cs(2760) 1471542911  :   --> 21 0b 73 12 0b b4 8a 0c 
[I]cs(2760) 1471542911  :   --> 46 0a 0d 32 fe 70 00 00 
[I]cs(2760) 1471542911  :   --> 00 00 00 00 ff 
[I]cs(2760) 1471542912  :   Pkt #: 120
[I]cs(2760) 1471542912  :  Send Pkt to Pm at 1471542912.018520
[I]cs(2760) 1471542912  : Pkt sent to Pm, 95 bytes, payload: 79 bytes
[I]cs(2760) 1471542912  : Dump msg Pkt - 95 bytes
[I]cs(2760) 1471542912  :   --> 21 42 53 32 50 43 21 00 
[I]cs(2760) 1471542912  :   --> 56 44 03 00 4d 78 00 00 
[I]cs(2760) 1471542912  :   --> 67 01 00 48 00 05 0c 44 
[I]cs(2760) 1471542912  :   --> e0 b9 0f 00 ce 1e 02 ef 
[I]cs(2760) 1471542912  :   --> f3 05 3b 4f 05 a7 2d 06 
[I]cs(2760) 1471542912  :   --> 0e 34 07 0e c5 07 db f1 
[I]cs(2760) 1471542912  :   --> 07 fa 92 08 3e 0d 08 c2 
[I]cs(2760) 1471542912  :   --> 9d 09 75 b4 09 e6 fc 0a 
[I]cs(2760) 1471542912  :   --> 2a b0 0a 3d 4c 0a 91 70 
[I]cs(2760) 1471542912  :   --> 0b 04 c2 0b ad d2 0c 88 
[I]cs(2760) 1471542912  :   --> 05 0d 08 da 0d 78 20 70 
[I]cs(2760) 1471542912  :   --> 00 00 00 00 00 00 ff 
[I]cs(2760) 1471542913  :   Pkt #: 121
[I]cs(2760) 1471542913  :  Send Pkt to Pm at 1471542913.027373
[I]cs(2760) 1471542913  : Pkt sent to Pm, 101 bytes, payload: 85 bytes
[I]cs(2760) 1471542913  : Dump msg Pkt - 101 bytes
[I]cs(2760) 1471542913  :   --> 21 42 53 32 50 43 21 00 
[I]cs(2760) 1471542913  :   --> 5c 44 03 00 53 79 00 00 
[I]cs(2760) 1471542913  :   --> 67 01 00 4e 00 05 10 44 
[I]cs(2760) 1471542913  :   --> e0 b9 10 00 e7 7a 00 ec 
[I]cs(2760) 1471542913  :   --> 4b 02 7c 34 03 77 f9 04 
[I]cs(2760) 1471542913  :   --> 58 fa 04 59 7a 05 39 50 
[I]cs(2760) 1471542913  :   --> 05 97 04 06 c1 0e 07 ae 
[I]cs(2760) 1471542913  :   --> 7a 07 c5 f0 08 01 64 08 
[I]cs(2760) 1471542913  :   --> 10 3f 09 96 d8 0a 13 56 
[I]cs(2760) 1471542913  :   --> 0a 51 f4 0a 65 8a 0b ca 
[I]cs(2760) 1471542913  :   --> 56 0c 03 39 0c 89 81 0d 
[I]cs(2760) 1471542913  :   --> 31 9e 0f 37 ba 70 00 00 
[I]cs(2760) 1471542913  :   --> 00 00 00 00 ff 
[I]cs(2760) 1471542914  :   Pkt #: 122
[I]cs(2760) 1471542914  :  Send Pkt to Pm at 1471542914.033436
[I]cs(2760) 1471542914  : Pkt sent to Pm, 80 bytes, payload: 64 bytes
[I]cs(2760) 1471542914  : Dump msg Pkt - 80 bytes
[I]cs(2760) 1471542914  :   --> 21 42 53 32 50 43 21 00 
[I]cs(2760) 1471542914  :   --> 47 44 03 00 3e 7a 00 00 
[I]cs(2760) 1471542914  :   --> 67 01 00 39 00 05 14 44 
[I]cs(2760) 1471542914  :   --> e0 b9 11 00 11 e0 01 cc 
[I]cs(2760) 1471542914  :   --> c8 02 20 59 04 d5 18 06 
[I]cs(2760) 1471542914  :   --> a0 da 07 36 e1 07 ed cd 
[I]cs(2760) 1471542914  :   --> 09 b2 1d 0a 6f d9 0b c1 
[I]cs(2760) 1471542914  :   --> 32 0c 25 07 0d 3d e3 0d 
[I]cs(2760) 1471542914  :   --> 40 88 0e be a3 0e ed 22 
[I]cs(2760) 1471542914  :   --> 70 00 00 00 00 00 00 ff 
[I]cs(2760) 1471542915  :   Pkt #: 124
[I]cs(2760) 1471542915  :  Send Pkt to Pm at 1471542915.028780
[I]cs(2760) 1471542915  : Pkt sent to Pm, 151 bytes, payload: 135 bytes
[I]cs(2760) 1471542915  : Dump msg Pkt - 151 bytes
[I]cs(2760) 1471542915  :   --> 21 42 53 32 50 43 21 00 
[I]cs(2760) 1471542915  :   --> 8e 44 03 00 85 7c 00 00 
[I]cs(2760) 1471542915  :   --> 67 02 00 4b 00 05 18 44 
[I]cs(2760) 1471542915  :   --> e0 b9 12 01 7a 21 01 93 
[I]cs(2760) 1471542915  :   --> b5 01 b6 10 01 d8 10 02 
[I]cs(2760) 1471542915  :   --> 0a 6d 02 76 66 03 50 af 
[I]cs(2760) 1471542915  :   --> 03 8b c7 03 9a 95 04 23 
[I]cs(2760) 1471542915  :   --> 8d 04 a5 82 05 03 49 05 
[I]cs(2760) 1471542915  :   --> 60 be 07 0a 2d 09 3d 1d 
[I]cs(2760) 1471542915  :   --> 09 8e 0b 09 f2 13 0a 7c 
[I]cs(2760) 1471542915  :   --> 9a 0a 96 19 0a e0 29 0b 
[I]cs(2760) 1471542915  :   --> 81 6d 70 00 00 00 35 00 
[I]cs(2760) 1471542915  :   --> 15 1c 31 20 44 41 53 20 
[I]cs(2760) 1471542915  :   --> 50 72 6f 63 65 73 73 28 
[I]cs(2760) 1471542915  :   --> 65 73 29 20 44 45 41 44 
[I]cs(2760) 1471542915  :   --> 20 2d 20 53 74 6f 70 70 
[I]cs(2760) 1471542915  :   --> 69 6e 67 20 41 63 71 75 
[I]cs(2760) 1471542915  :   --> 69 73 69 74 69 6f 6e 0a 
[I]cs(2760) 1471542915  :   --> 00 20 00 00 00 00 ff 
[I]cs(2760) 1471542916  :   Pkt #: 125
[I]cs(2760) 1471542916  :  Send Pkt to Pm at 1471542916.025621
[I]cs(2760) 1471542916  : Pkt sent to Pm, 104 bytes, payload: 88 bytes
[I]cs(2760) 1471542916  : Dump msg Pkt - 104 bytes
[I]cs(2760) 1471542916  :   --> 21 42 53 32 50 43 21 00 
[I]cs(2760) 1471542916  :   --> 5f 44 03 00 56 7d 00 00 
[I]cs(2760) 1471542916  :   --> 67 01 00 51 00 05 20 44 
[I]cs(2760) 1471542916  :   --> e0 b9 13 00 9a 05 00 9a 
[I]cs(2760) 1471542916  :   --> a6 00 ed 81 01 a4 93 02 
[I]cs(2760) 1471542916  :   --> 23 59 02 31 f2 03 a2 45 
[I]cs(2760) 1471542916  :   --> 04 71 f6 04 79 ac 04 d9 
[I]cs(2760) 1471542916  :   --> 91 05 26 7a 06 85 ad 06 
[I]cs(2760) 1471542916  :   --> c1 40 07 1d 11 08 0f 9d 
[I]cs(2760) 1471542916  :   --> 08 91 d1 09 aa d2 09 db 
[I]cs(2760) 1471542916  :   --> 52 0c 3f 4d 0c ff 9d 0d 
[I]cs(2760) 1471542916  :   --> 50 9b 0e 3f 63 0e 40 40 
[I]cs(2760) 1471542916  :   --> 70 00 00 00 00 00 00 ff 
[I]cs(2760) 1471542917  :   Pkt #: 126
[I]cs(2760) 1471542917  :  Send Pkt to Pm at 1471542917.021068
[I]cs(2760) 1471542917  : Pkt sent to Pm, 104 bytes, payload: 88 bytes
[I]cs(2760) 1471542917  : Dump msg Pkt - 104 bytes
[I]cs(2760) 1471542917  :   --> 21 42 53 32 50 43 21 00 
[I]cs(2760) 1471542917  :   --> 5f 44 03 00 56 7e 00 00 
[I]cs(2760) 1471542917  :   --> 67 01 00 51 00 05 24 44 
[I]cs(2760) 1471542917  :   --> e0 b9 14 00 02 29 00 c2 
[I]cs(2760) 1471542917  :   --> b0 01 0f 95 01 10 92 01 
[I]cs(2760) 1471542917  :   --> 77 0f 02 51 d0 03 9e cc 
[I]cs(2760) 1471542917  :   --> 04 de 02 05 09 00 05 22 
[I]cs(2760) 1471542917  :   --> 3b 05 40 c7 05 61 6e 05 
[I]cs(2760) 1471542917  :   --> 95 bf 07 af ef 07 ba 5f 
[I]cs(2760) 1471542917  :   --> 09 34 0a 09 fe 48 0b c6 
[I]cs(2760) 1471542917  :   --> 8f 0c 16 d4 0c aa 4c 0c 
[I]cs(2760) 1471542917  :   --> b8 b4 0c c4 96 0e 9c 02 
[I]cs(2760) 1471542917  :   --> 70 00 00 00 00 00 00 ff 
[I]cs(2760) 1471542918  :   Pkt #: 127
[I]cs(2760) 1471542918  :  Send Pkt to Pm at 1471542918.020111
[I]cs(2760) 1471542918  : Pkt sent to Pm, 107 bytes, payload: 91 bytes
[I]cs(2760) 1471542918  : Dump msg Pkt - 107 bytes
[I]cs(2760) 1471542918  :   --> 21 42 53 32 50 43 21 00 
[I]cs(2760) 1471542918  :   --> 62 44 03 00 59 7f 00 00 
[I]cs(2760) 1471542918  :   --> 67 01 00 54 00 05 28 44 
[I]cs(2760) 1471542918  :   --> e0 b9 15 00 21 66 00 67 
[I]cs(2760) 1471542918  :   --> 90 00 fb 00 01 d3 e6 01 
[I]cs(2760) 1471542918  :   --> dc 7b 02 32 e2 02 6f 3b 
[I]cs(2760) 1471542918  :   --> 02 80 d7 03 27 91 03 35 
[I]cs(2760) 1471542918  :   --> 08 03 56 b8 05 bb 3b 05 
[I]cs(2760) 1471542918  :   --> f1 95 05 fc 6a 06 84 19 
[I]cs(2760) 1471542918  :   --> 09 56 bf 09 9d f1 0b 11 
[I]cs(2760) 1471542918  :   --> 2e 0b 17 e8 0b 9d 76 0c 
[I]cs(2760) 1471542918  :   --> 30 ff 0d 2e cc 0d 57 b3 
[I]cs(2760) 1471542918  :   --> 0d dc 10 70 00 00 00 00 
[I]cs(2760) 1471542918  :   --> 00 00 ff 
[I]cs(2760) 1471545144  : Got Pkt from Pm
[W]cs(2760) 1471545144  : Pm Disconnected, try again later
[F]cs(2760) 1471545158  : Connection Error: Success
[F]cs(2760) 1471545158  : Opening LS Socket 'localhost' Error: Connection refused
