*********** 1155493011 17
FE-1 1155493011 2147483.648 100000.000 0.000
FE-2 1155493011 2147483.648 100000.000 0.000
FE-3 1155493011 2147483.648 100000.000 0.000
FE-4 1155493011 2147483.648 100000.000 0.000
V-BATT 1155493011 2147483.648 100000.000 0.000
V-FE-12V 1155493011 2147483.648 100000.000 0.000
V-Fpga-1.2V 1155493011 2147483.648 100000.000 0.000
V-VCC-3.3V 1155493011 2147483.648 100000.000 0.000
V-CORE-1.8V 1155493011 2147483.648 100000.000 0.000
I-FE-12V 1155493011 2147483.648 100000.000 0.000
I-VCC 1155493011 2147483.648 100000.000 0.000
I-BATT 1155493011 2147483.648 0.000 0.000
V-5V 1155493011 2147483.648 0.000 0.000
LSC-T 1155493011 2147483.6 100000.0 -100000.0
LSC-H 1155493011 2147483.6 200.0 -200.0
TPCB-L-V 1155493011 0.0 0.0 0.0
TPCB-L-I 1155493011 0.0 0.0 0.0
TPCB-P-V 1155493011 0.0 0.0 0.0
TPCB-P-I 1155493011 0.0 0.0 0.0
TPCB-AP 1155493011 0.0 0.0 0.0
TPCB-T 1155493011 0.0 0.0 0.0
CGD-V0 1155493011 0 0 0
CGD-V1 1155493011 0 0 0
CGD-V2 1155493011 0 0 0
CGD-V3 1155493011 0 0 0
CGD-V4 1155493011 0 0 0
CGD-V5 1155493011 0 0 0
CGD-V6 1155493011 0 0 0
CGD-V7 1155493011 0 0 0
CGD-V8 1155493011 0 0 0
CGD-T 1155493011 0 0 0
-na 1155493011 0 0 0
-na 1155493011 0 0 0
CAN-BAD-ID 1155493011 0 0 0
CAN-BAD-UP-DATA 1155493011 0 0 0
CAN-BAD-DOWN-DATA 1155493011 0 0 0
CAN-BAD-UP-MON 1155493011 0 0 0
CAN-BAD-DOWN-MON 1155493011 0 0 0
CAN-BUF-LS 1155493011 0 0 0
CAN-BUF-TPCB 1155493011 0 0 0
CAN-BUF-UP 1155493011 0 0 0
CAN-BUF-DOWN-HI 1155493011 0 0 0
CAN-BUF-DOWN-LO 1155493011 0 0 0
-na 1155493011 0 0 0
BUF-CSMA 1155493011 0 0 0
BUF-DOWN-DEF 1155493011 0 0 0
BUF-DOWN-MIC 1155493011 0 0 0
BUF-DOWN-LO 1155493011 0 0 0
BUF-DOWN-GHOST 1155493011 0 0 0
BUF-DOWN-ACK 1155493011 0 0 0
-na 1155493011 0 0 0
BUF-UP-DEF 1155493011 0 0 0
BUF-UP-MIC 1155493011 0 0 0
BUF-UP-LO 1155493011 0 0 0
BUF-UP-GHOST 1155493011 0 0 0
BUF-UP-ACK 1155493011 0 0 0
RSSI-T-CS1 1155493011 0 0 0
RSSI-T-CS2 1155493011 0 0 0
RSSI-F-CS1 1155493011 0 0 0
RSSI-F-CS2 1155493011 0 0 0
-na 1155493011 0 0 0
-na 1155493011 0 0 0
RSSI-L-CS1 1155493011 0 0 0
RSSI-L-CS2 1155493011 0 0 0
RSSI-R-CS1 1155493011 0 0 0
RSSI-R-CS2 1155493011 0 0 0
-na 1155493011 0 0 0
-na 1155493011 0 0 0
*********** 1155493311 17
FE-1 1155493311 2147483.648 100000.000 0.000
FE-2 1155493311 2147483.648 100000.000 0.000
FE-3 1155493311 2147483.648 100000.000 0.000
FE-4 1155493311 2147483.648 100000.000 0.000
V-BATT 1155493311 2147483.648 100000.000 0.000
V-FE-12V 1155493311 2147483.648 100000.000 0.000
V-Fpga-1.2V 1155493311 2147483.648 100000.000 0.000
V-VCC-3.3V 1155493311 2147483.648 100000.000 0.000
V-CORE-1.8V 1155493311 2147483.648 100000.000 0.000
I-FE-12V 1155493311 2147483.648 100000.000 0.000
I-VCC 1155493311 2147483.648 100000.000 0.000
I-BATT 1155493311 2147483.648 100000.000 0.000
V-5V 1155493311 2147483.648 100000.000 0.000
LSC-T 1155493311 2147483.6 100000.0 -100000.0
LSC-H 1155493311 2147483.6 200.0 -200.0
TPCB-L-V 1155493311 0.0 0.0 0.0
TPCB-L-I 1155493311 0.0 0.0 0.0
TPCB-P-V 1155493311 0.0 0.0 0.0
TPCB-P-I 1155493311 0.0 0.0 0.0
TPCB-AP 1155493311 0.0 0.0 0.0
TPCB-T 1155493311 0.0 0.0 0.0
CGD-V0 1155493311 0 0 0
CGD-V1 1155493311 0 0 0
CGD-V2 1155493311 0 0 0
CGD-V3 1155493311 0 0 0
CGD-V4 1155493311 0 0 0
CGD-V5 1155493311 0 0 0
CGD-V6 1155493311 0 0 0
CGD-V7 1155493311 0 0 0
CGD-V8 1155493311 0 0 0
CGD-T 1155493311 0 0 0
-na 1155493311 0 0 0
-na 1155493311 0 0 0
CAN-BAD-ID 1155493311 0 0 0
CAN-BAD-UP-DATA 1155493311 0 0 0
CAN-BAD-DOWN-DATA 1155493311 0 0 0
CAN-BAD-UP-MON 1155493311 0 0 0
CAN-BAD-DOWN-MON 1155493311 0 0 0
CAN-BUF-LS 1155493311 0 0 0
CAN-BUF-TPCB 1155493311 0 0 0
CAN-BUF-UP 1155493311 0 0 0
CAN-BUF-DOWN-HI 1155493311 0 0 0
CAN-BUF-DOWN-LO 1155493311 0 0 0
-na 1155493311 0 0 0
BUF-CSMA 1155493311 0 0 0
BUF-DOWN-DEF 1155493311 0 0 0
BUF-DOWN-MIC 1155493311 0 0 0
BUF-DOWN-LO 1155493311 0 0 0
BUF-DOWN-GHOST 1155493311 0 0 0
BUF-DOWN-ACK 1155493311 0 0 0
-na 1155493311 0 0 0
BUF-UP-DEF 1155493311 0 0 0
BUF-UP-MIC 1155493311 0 0 0
BUF-UP-LO 1155493311 0 0 0
BUF-UP-GHOST 1155493311 0 0 0
BUF-UP-ACK 1155493311 0 0 0
RSSI-T-CS1 1155493311 0 0 0
RSSI-T-CS2 1155493311 0 0 0
RSSI-F-CS1 1155493311 0 0 0
RSSI-F-CS2 1155493311 0 0 0
-na 1155493311 0 0 0
-na 1155493311 0 0 0
RSSI-L-CS1 1155493311 0 0 0
RSSI-L-CS2 1155493311 0 0 0
RSSI-R-CS1 1155493311 0 0 0
RSSI-R-CS2 1155493311 0 0 0
-na 1155493311 0 0 0
-na 1155493311 0 0 0
*********** 1155493611 17
FE-1 1155493611 2147483.648 100000.000 0.000
FE-2 1155493611 2147483.648 100000.000 0.000
FE-3 1155493611 2147483.648 100000.000 0.000
FE-4 1155493611 2147483.648 100000.000 0.000
V-BATT 1155493611 2147483.648 100000.000 0.000
V-FE-12V 1155493611 2147483.648 100000.000 0.000
V-Fpga-1.2V 1155493611 2147483.648 100000.000 0.000
V-VCC-3.3V 1155493611 2147483.648 100000.000 0.000
V-CORE-1.8V 1155493611 2147483.648 100000.000 0.000
I-FE-12V 1155493611 2147483.648 100000.000 0.000
I-VCC 1155493611 2147483.648 100000.000 0.000
I-BATT 1155493611 2147483.648 100000.000 0.000
V-5V 1155493611 2147483.648 100000.000 2147483.647
LSC-T 1155493611 16113.9 83886.1 -100000.0
LSC-H 1155493611 0.0 200.0 -200.0
TPCB-L-V 1155493611 0.0 0.0 0.0
TPCB-L-I 1155493611 0.0 0.0 0.0
TPCB-P-V 1155493611 0.0 0.0 0.0
TPCB-P-I 1155493611 0.0 0.0 0.0
TPCB-AP 1155493611 0.0 0.0 0.0
TPCB-T 1155493611 0.0 0.0 0.0
CGD-V0 1155493611 0 0 0
CGD-V1 1155493611 0 0 0
CGD-V2 1155493611 0 0 0
CGD-V3 1155493611 0 0 0
CGD-V4 1155493611 0 0 0
CGD-V5 1155493611 0 0 0
CGD-V6 1155493611 0 0 0
CGD-V7 1155493611 0 0 0
CGD-V8 1155493611 0 0 0
CGD-T 1155493611 0 0 0
-na 1155493611 0 0 0
-na 1155493611 0 0 0
CAN-BAD-ID 1155493611 0 0 0
CAN-BAD-UP-DATA 1155493611 0 0 0
CAN-BAD-DOWN-DATA 1155493611 0 0 0
CAN-BAD-UP-MON 1155493611 0 0 0
CAN-BAD-DOWN-MON 1155493611 0 0 0
CAN-BUF-LS 1155493611 0 0 0
CAN-BUF-TPCB 1155493611 0 0 0
CAN-BUF-UP 1155493611 0 0 0
CAN-BUF-DOWN-HI 1155493611 0 0 0
CAN-BUF-DOWN-LO 1155493611 0 0 0
-na 1155493611 0 0 0
BUF-CSMA 1155493611 0 0 0
BUF-DOWN-DEF 1155493611 0 0 0
BUF-DOWN-MIC 1155493611 0 0 0
BUF-DOWN-LO 1155493611 0 0 0
BUF-DOWN-GHOST 1155493611 0 0 0
BUF-DOWN-ACK 1155493611 0 0 0
-na 1155493611 0 0 0
BUF-UP-DEF 1155493611 0 0 0
BUF-UP-MIC 1155493611 0 0 0
BUF-UP-LO 1155493611 0 0 0
BUF-UP-GHOST 1155493611 0 0 0
BUF-UP-ACK 1155493611 0 0 0
RSSI-T-CS1 1155493611 0 0 0
RSSI-T-CS2 1155493611 0 0 0
RSSI-F-CS1 1155493611 0 0 0
RSSI-F-CS2 1155493611 0 0 0
-na 1155493611 0 0 0
-na 1155493611 0 0 0
RSSI-L-CS1 1155493611 0 0 0
RSSI-L-CS2 1155493611 0 0 0
RSSI-R-CS1 1155493611 0 0 0
RSSI-R-CS2 1155493611 0 0 0
-na 1155493611 0 0 0
-na 1155493611 0 0 0
*********** 1155493911 17
FE-1 1155493911 2147483.648 100000.000 0.000
FE-2 1155493911 2147483.648 100000.000 0.000
FE-3 1155493911 2147483.648 100000.000 0.000
FE-4 1155493911 2147483.648 100000.000 0.000
V-BATT 1155493911 2147483.648 100000.000 0.000
V-FE-12V 1155493911 2147483.648 100000.000 0.000
V-Fpga-1.2V 1155493911 2147483.648 100000.000 0.000
V-VCC-3.3V 1155493911 2147483.648 100000.000 0.000
V-CORE-1.8V 1155493911 2147483.648 100000.000 0.000
I-FE-12V 1155493911 2147483.648 100000.000 0.000
I-VCC 1155493911 2147483.648 100000.000 0.000
I-BATT 1155493911 2147483.648 100000.000 0.000
V-5V 1155493911 2147483.648 100000.000 0.000
LSC-T 1155493911 2147483.6 100000.0 -100000.0
LSC-H 1155493911 2147483.6 200.0 -200.0
TPCB-L-V 1155493911 0.0 0.0 0.0
TPCB-L-I 1155493911 0.0 0.0 0.0
TPCB-P-V 1155493911 0.0 0.0 0.0
TPCB-P-I 1155493911 0.0 0.0 0.0
TPCB-AP 1155493911 0.0 0.0 0.0
TPCB-T 1155493911 0.0 0.0 0.0
CGD-V0 1155493911 0 0 0
CGD-V1 1155493911 0 0 0
CGD-V2 1155493911 0 0 0
CGD-V3 1155493911 0 0 0
CGD-V4 1155493911 0 0 0
CGD-V5 1155493911 0 0 0
CGD-V6 1155493911 0 0 0
CGD-V7 1155493911 0 0 0
CGD-V8 1155493911 0 0 0
CGD-T 1155493911 0 0 0
-na 1155493911 0 0 0
-na 1155493911 0 0 0
CAN-BAD-ID 1155493911 0 0 0
CAN-BAD-UP-DATA 1155493911 0 0 0
CAN-BAD-DOWN-DATA 1155493911 0 0 0
CAN-BAD-UP-MON 1155493911 0 0 0
CAN-BAD-DOWN-MON 1155493911 0 0 0
CAN-BUF-LS 1155493911 0 0 0
CAN-BUF-TPCB 1155493911 0 0 0
CAN-BUF-UP 1155493911 0 0 0
CAN-BUF-DOWN-HI 1155493911 0 0 0
CAN-BUF-DOWN-LO 1155493911 0 0 0
-na 1155493911 0 0 0
BUF-CSMA 1155493911 0 0 0
BUF-DOWN-DEF 1155493911 0 0 0
BUF-DOWN-MIC 1155493911 0 0 0
BUF-DOWN-LO 1155493911 0 0 0
BUF-DOWN-GHOST 1155493911 0 0 0
BUF-DOWN-ACK 1155493911 0 0 0
-na 1155493911 0 0 0
BUF-UP-DEF 1155493911 0 0 0
BUF-UP-MIC 1155493911 0 0 0
BUF-UP-LO 1155493911 0 0 0
BUF-UP-GHOST 1155493911 0 0 0
BUF-UP-ACK 1155493911 0 0 0
RSSI-T-CS1 1155493911 0 0 0
RSSI-T-CS2 1155493911 0 0 0
RSSI-F-CS1 1155493911 0 0 0
RSSI-F-CS2 1155493911 0 0 0
-na 1155493911 0 0 0
-na 1155493911 0 0 0
RSSI-L-CS1 1155493911 0 0 0
RSSI-L-CS2 1155493911 0 0 0
RSSI-R-CS1 1155493911 0 0 0
RSSI-R-CS2 1155493911 0 0 0
-na 1155493911 0 0 0
-na 1155493911 0 0 0
*********** 1155499611 17
FE-1 1155499611 2147483.648 100000.000 0.000
FE-2 1155499611 2147483.648 100000.000 0.000
FE-3 1155499611 2147483.648 100000.000 0.000
FE-4 1155499611 2147483.648 100000.000 0.000
V-BATT 1155499611 2147483.648 100000.000 0.000
V-FE-12V 1155499611 2147483.648 100000.000 0.000
V-Fpga-1.2V 1155499611 2147483.648 100000.000 0.000
V-VCC-3.3V 1155499611 2147483.648 100000.000 0.000
V-CORE-1.8V 1155499611 2147483.648 100000.000 0.000
I-FE-12V 1155499611 2147483.648 100000.000 0.000
I-VCC 1155499611 2147483.648 100000.000 0.000
I-BATT 1155499611 2147483.648 100000.000 0.000
V-5V 1155499611 2147483.648 100000.000 0.000
LSC-T 1155499611 2147483.6 100000.0 -100000.0
LSC-H 1155499611 2147483.6 200.0 -200.0
TPCB-L-V 1155499611 0.0 0.0 0.0
TPCB-L-I 1155499611 0.0 0.0 0.0
TPCB-P-V 1155499611 0.0 0.0 0.0
TPCB-P-I 1155499611 0.0 0.0 0.0
TPCB-AP 1155499611 0.0 0.0 0.0
TPCB-T 1155499611 0.0 0.0 0.0
CGD-V0 1155499611 0 0 0
CGD-V1 1155499611 0 0 0
CGD-V2 1155499611 0 0 0
CGD-V3 1155499611 0 0 0
CGD-V4 1155499611 0 0 0
CGD-V5 1155499611 0 0 0
CGD-V6 1155499611 0 0 0
CGD-V7 1155499611 0 0 0
CGD-V8 1155499611 0 0 0
CGD-T 1155499611 0 0 0
-na 1155499611 0 0 0
-na 1155499611 0 0 0
CAN-BAD-ID 1155499611 0 0 0
CAN-BAD-UP-DATA 1155499611 0 0 0
CAN-BAD-DOWN-DATA 1155499611 0 0 0
CAN-BAD-UP-MON 1155499611 0 0 0
CAN-BAD-DOWN-MON 1155499611 0 0 0
CAN-BUF-LS 1155499611 0 0 0
CAN-BUF-TPCB 1155499611 0 0 0
CAN-BUF-UP 1155499611 0 0 0
CAN-BUF-DOWN-HI 1155499611 0 0 0
CAN-BUF-DOWN-LO 1155499611 0 0 0
-na 1155499611 0 0 0
BUF-CSMA 1155499611 0 0 0
BUF-DOWN-DEF 1155499611 0 0 0
BUF-DOWN-MIC 1155499611 0 0 0
BUF-DOWN-LO 1155499611 0 0 0
BUF-DOWN-GHOST 1155499611 0 0 0
BUF-DOWN-ACK 1155499611 0 0 0
-na 1155499611 0 0 0
BUF-UP-DEF 1155499611 0 0 0
BUF-UP-MIC 1155499611 0 0 0
BUF-UP-LO 1155499611 0 0 0
BUF-UP-GHOST 1155499611 0 0 0
BUF-UP-ACK 1155499611 0 0 0
RSSI-T-CS1 1155499611 0 0 0
RSSI-T-CS2 1155499611 0 0 0
RSSI-F-CS1 1155499611 0 0 0
RSSI-F-CS2 1155499611 0 0 0
-na 1155499611 0 0 0
-na 1155499611 0 0 0
RSSI-L-CS1 1155499611 0 0 0
RSSI-L-CS2 1155499611 0 0 0
RSSI-R-CS1 1155499611 0 0 0
RSSI-R-CS2 1155499611 0 0 0
-na 1155499611 0 0 0
-na 1155499611 0 0 0
*********** 1155499911 17
FE-1 1155499911 2147483.648 100000.000 0.000
FE-2 1155499911 2147483.648 100000.000 0.000
FE-3 1155499911 2147483.648 100000.000 0.000
FE-4 1155499911 2147483.648 100000.000 0.000
V-BATT 1155499911 2147483.648 100000.000 0.000
V-FE-12V 1155499911 2147483.648 100000.000 0.000
V-Fpga-1.2V 1155499911 2147483.648 100000.000 0.000
V-VCC-3.3V 1155499911 2147483.648 100000.000 0.000
V-CORE-1.8V 1155499911 2147483.648 100000.000 0.000
I-FE-12V 1155499911 2147483.648 100000.000 0.000
I-VCC 1155499911 2147483.648 100000.000 0.000
I-BATT 1155499911 100007.936 0.000 0.000
V-5V 1155499911 100000.000 0.000 0.000
LSC-T 1155499911 2147483.6 100000.0 -100000.0
LSC-H 1155499911 2147483.6 200.0 -200.0
TPCB-L-V 1155499911 0.0 0.0 0.0
TPCB-L-I 1155499911 0.0 0.0 0.0
TPCB-P-V 1155499911 0.0 0.0 0.0
TPCB-P-I 1155499911 0.0 0.0 0.0
TPCB-AP 1155499911 0.0 0.0 0.0
TPCB-T 1155499911 0.0 0.0 0.0
CGD-V0 1155499911 0 0 0
CGD-V1 1155499911 0 0 0
CGD-V2 1155499911 0 0 0
CGD-V3 1155499911 0 0 0
CGD-V4 1155499911 0 0 0
CGD-V5 1155499911 0 0 0
CGD-V6 1155499911 0 0 0
CGD-V7 1155499911 0 0 0
CGD-V8 1155499911 0 0 0
CGD-T 1155499911 0 0 0
-na 1155499911 0 0 0
-na 1155499911 0 0 0
CAN-BAD-ID 1155499911 0 0 0
CAN-BAD-UP-DATA 1155499911 0 0 0
CAN-BAD-DOWN-DATA 1155499911 0 0 0
CAN-BAD-UP-MON 1155499911 0 0 0
CAN-BAD-DOWN-MON 1155499911 0 0 0
CAN-BUF-LS 1155499911 0 0 0
CAN-BUF-TPCB 1155499911 0 0 0
CAN-BUF-UP 1155499911 0 0 0
CAN-BUF-DOWN-HI 1155499911 0 0 0
CAN-BUF-DOWN-LO 1155499911 0 0 0
-na 1155499911 0 0 0
BUF-CSMA 1155499911 0 0 0
BUF-DOWN-DEF 1155499911 0 0 0
BUF-DOWN-MIC 1155499911 0 0 0
BUF-DOWN-LO 1155499911 0 0 0
BUF-DOWN-GHOST 1155499911 0 0 0
BUF-DOWN-ACK 1155499911 0 0 0
-na 1155499911 0 0 0
BUF-UP-DEF 1155499911 0 0 0
BUF-UP-MIC 1155499911 0 0 0
BUF-UP-LO 1155499911 0 0 0
BUF-UP-GHOST 1155499911 0 0 0
BUF-UP-ACK 1155499911 0 0 0
RSSI-T-CS1 1155499911 0 0 0
RSSI-T-CS2 1155499911 0 0 0
RSSI-F-CS1 1155499911 0 0 0
RSSI-F-CS2 1155499911 0 0 0
-na 1155499911 0 0 0
-na 1155499911 0 0 0
RSSI-L-CS1 1155499911 0 0 0
RSSI-L-CS2 1155499911 0 0 0
RSSI-R-CS1 1155499911 0 0 0
RSSI-R-CS2 1155499911 0 0 0
-na 1155499911 0 0 0
-na 1155499911 0 0 0
*********** 1155507064 17
FE-1 1155507064 0.000 0.000 0.000
FE-2 1155507064 0.000 0.000 0.000
FE-3 1155507064 0.000 0.000 0.000
FE-4 1155507064 0.000 0.000 0.000
V-BATT 1155507064 13.405 13.336 13.424
V-FE-12V 1155507064 13.342 13.283 13.363
V-Fpga-1.2V 1155507064 1.213 1.211 1.221
V-VCC-3.3V 1155507064 3.289 3.288 3.290
V-CORE-1.8V 1155507064 1.804 1.796 1.807
I-FE-12V 1155507064 0.059 0.013 0.125
I-VCC 1155507064 0.257 0.077 0.594
I-BATT 1155507064 0.379 0.293 0.532
V-5V 1155507064 4.973 4.972 4.974
LSC-T 1155507064 64.5 64.2 64.7
LSC-H 1155507064 27.6 27.5 27.7
TPCB-L-V 1155507064 13.9 13.9 13.9
TPCB-L-I 1155507064 480.0 480.0 480.0
TPCB-P-V 1155507064 9.3 9.3 9.3
TPCB-P-I 1155507064 168.0 168.0 168.0
TPCB-AP 1155507064 857.5 857.5 857.5
TPCB-T 1155507064 36.7 36.7 36.7
CGD-V0 1155507064 0 0 0
CGD-V1 1155507064 33000 33000 33000
CGD-V2 1155507064 34000 34000 34000
CGD-V3 1155507064 35000 35000 35000
CGD-V4 1155507064 36000 36000 36000
CGD-V5 1155507064 37000 37000 37000
CGD-V6 1155507064 33000 33000 33000
CGD-V7 1155507064 34000 34000 34000
CGD-V8 1155507064 35000 35000 35000
CGD-T 1155507064 123000 123000 123000
-na 1155507064 0 0 0
-na 1155507064 0 0 0
CAN-BAD-ID 1155507064 34 34 34
CAN-BAD-UP-DATA 1155507064 36 36 36
CAN-BAD-DOWN-DATA 1155507064 37 37 37
CAN-BAD-UP-MON 1155507064 38 38 38
CAN-BAD-DOWN-MON 1155507064 39 39 39
CAN-BUF-LS 1155507064 35 35 35
CAN-BUF-TPCB 1155507064 36 36 36
CAN-BUF-UP 1155507064 37 37 37
CAN-BUF-DOWN-HI 1155507064 38 38 38
CAN-BUF-DOWN-LO 1155507064 39 39 39
-na 1155507064 0 0 0
BUF-CSMA 1155507064 36 36 36
BUF-DOWN-DEF 1155507064 39 39 39
BUF-DOWN-MIC 1155507064 40 40 40
BUF-DOWN-LO 1155507064 41 41 41
BUF-DOWN-GHOST 1155507064 37 37 37
BUF-DOWN-ACK 1155507064 38 38 38
-na 1155507064 39 39 39
BUF-UP-DEF 1155507064 40 40 40
BUF-UP-MIC 1155507064 41 41 41
BUF-UP-LO 1155507064 42 42 42
BUF-UP-GHOST 1155507064 38 38 38
BUF-UP-ACK 1155507064 39 39 39
RSSI-T-CS1 1155507064 40 40 40
RSSI-T-CS2 1155507064 1211 1211 1211
RSSI-F-CS1 1155507064 3288 3288 3288
RSSI-F-CS2 1155507064 41 41 41
-na 1155507064 0 0 0
-na 1155507064 0 0 0
RSSI-L-CS1 1155507064 39 39 39
RSSI-L-CS2 1155507064 40 40 40
RSSI-R-CS1 1155507064 41 41 41
RSSI-R-CS2 1155507064 42 42 42
-na 1155507064 0 0 0
-na 1155507064 0 0 0
*********** 1155507364 17
FE-1 1155507364 0.000 0.000 0.000
FE-2 1155507364 0.000 0.000 0.000
FE-3 1155507364 0.000 0.000 0.000
FE-4 1155507364 0.000 0.000 0.000
V-BATT 1155507364 13.441 13.417 13.457
V-FE-12V 1155507364 13.377 13.357 13.397
V-Fpga-1.2V 1155507364 1.213 1.211 1.221
V-VCC-3.3V 1155507364 3.289 3.288 3.290
V-CORE-1.8V 1155507364 1.802 1.796 1.806
I-FE-12V 1155507364 0.059 0.018 0.166
I-VCC 1155507364 0.275 0.109 0.584
I-BATT 1155507364 0.384 0.306 0.442
V-5V 1155507364 4.973 4.972 4.974
LSC-T 1155507364 64.0 63.7 64.2
LSC-H 1155507364 27.4 27.4 27.5
TPCB-L-V 1155507364 13.9 13.9 13.9
TPCB-L-I 1155507364 486.0 486.0 486.0
TPCB-P-V 1155507364 10.1 10.1 10.1
TPCB-P-I 1155507364 145.0 145.0 145.0
TPCB-AP 1155507364 857.6 857.6 857.6
TPCB-T 1155507364 36.2 36.2 36.2
CGD-V0 1155507364 0 0 0
CGD-V1 1155507364 65000 65000 65000
CGD-V2 1155507364 66000 66000 66000
CGD-V3 1155507364 67000 67000 67000
CGD-V4 1155507364 68000 68000 68000
CGD-V5 1155507364 69000 69000 69000
CGD-V6 1155507364 65000 65000 65000
CGD-V7 1155507364 66000 66000 66000
CGD-V8 1155507364 67000 67000 67000
CGD-T 1155507364 123000 123000 123000
-na 1155507364 0 0 0
-na 1155507364 0 0 0
CAN-BAD-ID 1155507364 66 66 66
CAN-BAD-UP-DATA 1155507364 68 68 68
CAN-BAD-DOWN-DATA 1155507364 69 69 69
CAN-BAD-UP-MON 1155507364 70 70 70
CAN-BAD-DOWN-MON 1155507364 71 71 71
CAN-BUF-LS 1155507364 67 67 67
CAN-BUF-TPCB 1155507364 68 68 68
CAN-BUF-UP 1155507364 69 69 69
CAN-BUF-DOWN-HI 1155507364 70 70 70
CAN-BUF-DOWN-LO 1155507364 71 71 71
-na 1155507364 0 0 0
BUF-CSMA 1155507364 68 68 68
BUF-DOWN-DEF 1155507364 69 69 69
BUF-DOWN-MIC 1155507364 70 70 70
BUF-DOWN-LO 1155507364 71 71 71
BUF-DOWN-GHOST 1155507364 72 72 72
BUF-DOWN-ACK 1155507364 73 73 73
-na 1155507364 69 69 69
BUF-UP-DEF 1155507364 70 70 70
BUF-UP-MIC 1155507364 71 71 71
BUF-UP-LO 1155507364 72 72 72
BUF-UP-GHOST 1155507364 73 73 73
BUF-UP-ACK 1155507364 74 74 74
RSSI-T-CS1 1155507364 70 70 70
RSSI-T-CS2 1155507364 71 71 71
RSSI-F-CS1 1155507364 72 72 72
RSSI-F-CS2 1155507364 73 73 73
-na 1155507364 0 0 0
-na 1155507364 0 0 0
RSSI-L-CS1 1155507364 71 71 71
RSSI-L-CS2 1155507364 72 72 72
RSSI-R-CS1 1155507364 73 73 73
RSSI-R-CS2 1155507364 74 74 74
-na 1155507364 0 0 0
-na 1155507364 0 0 0
